# JRE version: OpenJDK Runtime Environment Temurin-21.0.9+10 (21.0.9+10) (build 21.0.9+10-LTS)
# Java VM: OpenJDK 64-Bit Server VM Temurin-21.0.9+10 (21.0.9+10-LTS, mixed mode, sharing, tiered, compressed oops, compressed class ptrs, parallel gc, windows-amd64)
GC Precious Log:
 CardTable entry size: 512
 CPUs: 4 total, 4 available
 Memory: 3285M
 Large Page Support: Disabled
 NUMA Support: Disabled
 Compressed Oops: Enabled (32-bit)
 Alignments: Space 512K, Generation 512K, Heap 2M
 Heap Min Capacity: 100M
 Heap Initial Capacity: 100M
 Heap Max Capacity: 2G
 Pre-touch: Disabled
 Parallel Workers: 4
Heap:
 PSYoungGen      total 6656K, used 5927K [0x00000000d5580000, 0x00000000d6000000, 0x0000000100000000)
  eden space 3584K, 80% used [0x00000000d5580000,0x00000000d5851fd8,0x00000000d5900000)
  from space 3072K, 98% used [0x00000000d5d00000,0x00000000d5ff8000,0x00000000d6000000)
  to   space 3584K, 0% used [0x00000000d5900000,0x00000000d5900000,0x00000000d5c80000)
 ParOldGen       total 100864K, used 100818K [0x0000000080000000, 0x0000000086280000, 0x00000000d5580000)
  object space 100864K, 99% used [0x0000000080000000,0x00000000862748f8,0x0000000086280000)
 Metaspace       used 66614K, committed 68096K, reserved 1114112K
  class space    used 6895K, committed 7552K, reserved 1048576K
GC Heap History (20 events):
Event: 4117.858 GC heap before
{Heap before GC invocations=56 (full 3):
 PSYoungGen      total 11776K, used 11753K [0x00000000d5580000, 0x00000000d6800000, 0x0000000100000000)
  eden space 8704K, 100% used [0x00000000d5580000,0x00000000d5e00000,0x00000000d5e00000)
  from space 3072K, 99% used [0x00000000d6400000,0x00000000d66fa7e8,0x00000000d6700000)
  to   space 5120K, 0% used [0x00000000d5e00000,0x00000000d5e00000,0x00000000d6300000)
 ParOldGen       total 78848K, used 78458K [0x0000000080000000, 0x0000000084d00000, 0x00000000d5580000)
  object space 78848K, 99% used [0x0000000080000000,0x0000000084c9e920,0x0000000084d00000)
 Metaspace       used 65629K, committed 67136K, reserved 1114112K
  class space    used 6875K, committed 7488K, reserved 1048576K
}
Event: 4117.890 GC heap after
{Heap after GC invocations=56 (full 3):
 PSYoungGen      total 11776K, used 2623K [0x00000000d5580000, 0x00000000d6500000, 0x0000000100000000)
  eden space 8704K, 0% used [0x00000000d5580000,0x00000000d5580000,0x00000000d5e00000)
  from space 3072K, 85% used [0x00000000d5e00000,0x00000000d608fc18,0x00000000d6100000)
  to   space 3584K, 0% used [0x00000000d6180000,0x00000000d6180000,0x00000000d6500000)
 ParOldGen       total 81920K, used 81451K [0x0000000080000000, 0x0000000085000000, 0x00000000d5580000)
  object space 81920K, 99% used [0x0000000080000000,0x0000000084f8aed0,0x0000000085000000)
 Metaspace       used 65629K, committed 67136K, reserved 1114112K
  class space    used 6875K, committed 7488K, reserved 1048576K
}
Event: 4119.666 GC heap before
{Heap before GC invocations=57 (full 3):
 PSYoungGen      total 11776K, used 11327K [0x00000000d5580000, 0x00000000d6500000, 0x0000000100000000)
  eden space 8704K, 100% used [0x00000000d5580000,0x00000000d5e00000,0x00000000d5e00000)
  from space 3072K, 85% used [0x00000000d5e00000,0x00000000d608fc18,0x00000000d6100000)
  to   space 3584K, 0% used [0x00000000d6180000,0x00000000d6180000,0x00000000d6500000)
 ParOldGen       total 81920K, used 81451K [0x0000000080000000, 0x0000000085000000, 0x00000000d5580000)
  object space 81920K, 99% used [0x0000000080000000,0x0000000084f8aed0,0x0000000085000000)
 Metaspace       used 65796K, committed 67328K, reserved 1114112K
  class space    used 6878K, committed 7552K, reserved 1048576K
}
Event: 4119.684 GC heap after
{Heap after GC invocations=57 (full 3):
 PSYoungGen      total 10752K, used 1664K [0x00000000d5580000, 0x00000000d6380000, 0x0000000100000000)
  eden space 8704K, 0% used [0x00000000d5580000,0x00000000d5580000,0x00000000d5e00000)
  from space 2048K, 81% used [0x00000000d6180000,0x00000000d6320000,0x00000000d6380000)
  to   space 2560K, 0% used [0x00000000d5e80000,0x00000000d5e80000,0x00000000d6100000)
 ParOldGen       total 83968K, used 83895K [0x0000000080000000, 0x0000000085200000, 0x00000000d5580000)
  object space 83968K, 99% used [0x0000000080000000,0x00000000851edf28,0x0000000085200000)
 Metaspace       used 65796K, committed 67328K, reserved 1114112K
  class space    used 6878K, committed 7552K, reserved 1048576K
}
Event: 4122.052 GC heap before
{Heap before GC invocations=58 (full 3):
 PSYoungGen      total 10752K, used 10368K [0x00000000d5580000, 0x00000000d6380000, 0x0000000100000000)
  eden space 8704K, 100% used [0x00000000d5580000,0x00000000d5e00000,0x00000000d5e00000)
  from space 2048K, 81% used [0x00000000d6180000,0x00000000d6320000,0x00000000d6380000)
  to   space 2560K, 0% used [0x00000000d5e80000,0x00000000d5e80000,0x00000000d6100000)
 ParOldGen       total 83968K, used 83895K [0x0000000080000000, 0x0000000085200000, 0x00000000d5580000)
  object space 83968K, 99% used [0x0000000080000000,0x00000000851edf28,0x0000000085200000)
 Metaspace       used 65960K, committed 67520K, reserved 1114112K
  class space    used 6882K, committed 7552K, reserved 1048576K
}
Event: 4122.062 GC heap after
{Heap after GC invocations=58 (full 3):
 PSYoungGen      total 11264K, used 2502K [0x00000000d5580000, 0x00000000d6400000, 0x0000000100000000)
  eden space 8704K, 0% used [0x00000000d5580000,0x00000000d5580000,0x00000000d5e00000)
  from space 2560K, 97% used [0x00000000d5e80000,0x00000000d60f19e0,0x00000000d6100000)
  to   space 3072K, 0% used [0x00000000d6100000,0x00000000d6100000,0x00000000d6400000)
 ParOldGen       total 85504K, used 85413K [0x0000000080000000, 0x0000000085380000, 0x00000000d5580000)
  object space 85504K, 99% used [0x0000000080000000,0x0000000085369638,0x0000000085380000)
 Metaspace       used 65960K, committed 67520K, reserved 1114112K
  class space    used 6882K, committed 7552K, reserved 1048576K
}
Event: 4123.914 GC heap before
{Heap before GC invocations=59 (full 3):
 PSYoungGen      total 11264K, used 11206K [0x00000000d5580000, 0x00000000d6400000, 0x0000000100000000)
  eden space 8704K, 100% used [0x00000000d5580000,0x00000000d5e00000,0x00000000d5e00000)
  from space 2560K, 97% used [0x00000000d5e80000,0x00000000d60f19e0,0x00000000d6100000)
  to   space 3072K, 0% used [0x00000000d6100000,0x00000000d6100000,0x00000000d6400000)
 ParOldGen       total 85504K, used 85413K [0x0000000080000000, 0x0000000085380000, 0x00000000d5580000)
  object space 85504K, 99% used [0x0000000080000000,0x0000000085369638,0x0000000085380000)
 Metaspace       used 66182K, committed 67712K, reserved 1114112K
  class space    used 6885K, committed 7552K, reserved 1048576K
}
Event: 4123.929 GC heap after
{Heap after GC invocations=59 (full 3):
 PSYoungGen      total 10752K, used 1989K [0x00000000d5580000, 0x00000000d6300000, 0x0000000100000000)
  eden space 8704K, 0% used [0x00000000d5580000,0x00000000d5580000,0x00000000d5e00000)
  from space 2048K, 97% used [0x00000000d6100000,0x00000000d62f16d8,0x00000000d6300000)
  to   space 2560K, 0% used [0x00000000d5e00000,0x00000000d5e00000,0x00000000d6080000)
 ParOldGen       total 88064K, used 87614K [0x0000000080000000, 0x0000000085600000, 0x00000000d5580000)
  object space 88064K, 99% used [0x0000000080000000,0x000000008558f8f8,0x0000000085600000)
 Metaspace       used 66182K, committed 67712K, reserved 1114112K
  class space    used 6885K, committed 7552K, reserved 1048576K
}
Event: 4124.787 GC heap before
{Heap before GC invocations=60 (full 3):
 PSYoungGen      total 10752K, used 10693K [0x00000000d5580000, 0x00000000d6300000, 0x0000000100000000)
  eden space 8704K, 100% used [0x00000000d5580000,0x00000000d5e00000,0x00000000d5e00000)
  from space 2048K, 97% used [0x00000000d6100000,0x00000000d62f16d8,0x00000000d6300000)
  to   space 2560K, 0% used [0x00000000d5e00000,0x00000000d5e00000,0x00000000d6080000)
 ParOldGen       total 88064K, used 87614K [0x0000000080000000, 0x0000000085600000, 0x00000000d5580000)
  object space 88064K, 99% used [0x0000000080000000,0x000000008558f8f8,0x0000000085600000)
 Metaspace       used 66373K, committed 67904K, reserved 1114112K
  class space    used 6889K, committed 7552K, reserved 1048576K
}
Event: 4124.798 GC heap after
{Heap after GC invocations=60 (full 3):
 PSYoungGen      total 10752K, used 1927K [0x00000000d5580000, 0x00000000d6200000, 0x0000000100000000)
  eden space 8704K, 0% used [0x00000000d5580000,0x00000000d5580000,0x00000000d5e00000)
  from space 2048K, 94% used [0x00000000d5e00000,0x00000000d5fe1e18,0x00000000d6000000)
  to   space 2048K, 0% used [0x00000000d6000000,0x00000000d6000000,0x00000000d6200000)
 ParOldGen       total 89600K, used 89405K [0x0000000080000000, 0x0000000085780000, 0x00000000d5580000)
  object space 89600K, 99% used [0x0000000080000000,0x000000008574f6a0,0x0000000085780000)
 Metaspace       used 66373K, committed 67904K, reserved 1114112K
  class space    used 6889K, committed 7552K, reserved 1048576K
}
Event: 4128.707 GC heap before
{Heap before GC invocations=61 (full 3):
 PSYoungGen      total 10752K, used 10631K [0x00000000d5580000, 0x00000000d6200000, 0x0000000100000000)
  eden space 8704K, 100% used [0x00000000d5580000,0x00000000d5e00000,0x00000000d5e00000)
  from space 2048K, 94% used [0x00000000d5e00000,0x00000000d5fe1e18,0x00000000d6000000)
  to   space 2048K, 0% used [0x00000000d6000000,0x00000000d6000000,0x00000000d6200000)
 ParOldGen       total 89600K, used 89405K [0x0000000080000000, 0x0000000085780000, 0x00000000d5580000)
  object space 89600K, 99% used [0x0000000080000000,0x000000008574f6a0,0x0000000085780000)
 Metaspace       used 66512K, committed 68032K, reserved 1114112K
  class space    used 6891K, committed 7552K, reserved 1048576K
}
Event: 4128.723 GC heap after
{Heap after GC invocations=61 (full 3):
 PSYoungGen      total 7680K, used 2045K [0x00000000d5580000, 0x00000000d6800000, 0x0000000100000000)
  eden space 5632K, 0% used [0x00000000d5580000,0x00000000d5580000,0x00000000d5b00000)
  from space 2048K, 99% used [0x00000000d6000000,0x00000000d61ff788,0x00000000d6200000)
  to   space 5120K, 0% used [0x00000000d5b00000,0x00000000d5b00000,0x00000000d6000000)
 ParOldGen       total 92160K, used 91739K [0x0000000080000000, 0x0000000085a00000, 0x00000000d5580000)
  object space 92160K, 99% used [0x0000000080000000,0x0000000085996e40,0x0000000085a00000)
 Metaspace       used 66512K, committed 68032K, reserved 1114112K
  class space    used 6891K, committed 7552K, reserved 1048576K
}
Event: 4134.005 GC heap before
{Heap before GC invocations=62 (full 3):
 PSYoungGen      total 7680K, used 7677K [0x00000000d5580000, 0x00000000d6800000, 0x0000000100000000)
  eden space 5632K, 100% used [0x00000000d5580000,0x00000000d5b00000,0x00000000d5b00000)
  from space 2048K, 99% used [0x00000000d6000000,0x00000000d61ff788,0x00000000d6200000)
  to   space 5120K, 0% used [0x00000000d5b00000,0x00000000d5b00000,0x00000000d6000000)
 ParOldGen       total 92160K, used 91739K [0x0000000080000000, 0x0000000085a00000, 0x00000000d5580000)
  object space 92160K, 99% used [0x0000000080000000,0x0000000085996e40,0x0000000085a00000)
 Metaspace       used 66539K, committed 68032K, reserved 1114112K
  class space    used 6891K, committed 7552K, reserved 1048576K
}
Event: 4134.013 GC heap after
{Heap after GC invocations=62 (full 3):
 PSYoungGen      total 7680K, used 1554K [0x00000000d5580000, 0x00000000d6100000, 0x0000000100000000)
  eden space 5632K, 0% used [0x00000000d5580000,0x00000000d5580000,0x00000000d5b00000)
  from space 2048K, 75% used [0x00000000d5b00000,0x00000000d5c84940,0x00000000d5d00000)
  to   space 3072K, 0% used [0x00000000d5e00000,0x00000000d5e00000,0x00000000d6100000)
 ParOldGen       total 93184K, used 92721K [0x0000000080000000, 0x0000000085b00000, 0x00000000d5580000)
  object space 93184K, 99% used [0x0000000080000000,0x0000000085a8c6c8,0x0000000085b00000)
 Metaspace       used 66539K, committed 68032K, reserved 1114112K
  class space    used 6891K, committed 7552K, reserved 1048576K
}
Event: 4135.117 GC heap before
{Heap before GC invocations=63 (full 3):
 PSYoungGen      total 7680K, used 7144K [0x00000000d5580000, 0x00000000d6100000, 0x0000000100000000)
  eden space 5632K, 99% used [0x00000000d5580000,0x00000000d5af5a70,0x00000000d5b00000)
  from space 2048K, 75% used [0x00000000d5b00000,0x00000000d5c84940,0x00000000d5d00000)
  to   space 3072K, 0% used [0x00000000d5e00000,0x00000000d5e00000,0x00000000d6100000)
 ParOldGen       total 93184K, used 92721K [0x0000000080000000, 0x0000000085b00000, 0x00000000d5580000)
  object space 93184K, 99% used [0x0000000080000000,0x0000000085a8c6c8,0x0000000085b00000)
 Metaspace       used 66565K, committed 68096K, reserved 1114112K
  class space    used 6892K, committed 7552K, reserved 1048576K
}
Event: 4135.124 GC heap after
{Heap after GC invocations=63 (full 3):
 PSYoungGen      total 6656K, used 3063K [0x00000000d5580000, 0x00000000d6500000, 0x0000000100000000)
  eden space 3584K, 0% used [0x00000000d5580000,0x00000000d5580000,0x00000000d5900000)
  from space 3072K, 99% used [0x00000000d5e00000,0x00000000d60fdc00,0x00000000d6100000)
  to   space 5120K, 0% used [0x00000000d5900000,0x00000000d5900000,0x00000000d5e00000)
 ParOldGen       total 94208K, used 94171K [0x0000000080000000, 0x0000000085c00000, 0x00000000d5580000)
  object space 94208K, 99% used [0x0000000080000000,0x0000000085bf6df8,0x0000000085c00000)
 Metaspace       used 66565K, committed 68096K, reserved 1114112K
  class space    used 6892K, committed 7552K, reserved 1048576K
}
Event: 4135.740 GC heap before
{Heap before GC invocations=64 (full 3):
 PSYoungGen      total 6656K, used 6647K [0x00000000d5580000, 0x00000000d6500000, 0x0000000100000000)
  eden space 3584K, 100% used [0x00000000d5580000,0x00000000d5900000,0x00000000d5900000)
  from space 3072K, 99% used [0x00000000d5e00000,0x00000000d60fdc00,0x00000000d6100000)
  to   space 5120K, 0% used [0x00000000d5900000,0x00000000d5900000,0x00000000d5e00000)
 ParOldGen       total 94208K, used 94171K [0x0000000080000000, 0x0000000085c00000, 0x00000000d5580000)
  object space 94208K, 99% used [0x0000000080000000,0x0000000085bf6df8,0x0000000085c00000)
 Metaspace       used 66565K, committed 68096K, reserved 1114112K
  class space    used 6892K, committed 7552K, reserved 1048576K
}
Event: 4135.749 GC heap after
{Heap after GC invocations=64 (full 3):
 PSYoungGen      total 7168K, used 3574K [0x00000000d5580000, 0x00000000d6100000, 0x0000000100000000)
  eden space 3584K, 0% used [0x00000000d5580000,0x00000000d5580000,0x00000000d5900000)
  from space 3584K, 99% used [0x00000000d5900000,0x00000000d5c7d980,0x00000000d5c80000)
  to   space 4096K, 0% used [0x00000000d5d00000,0x00000000d5d00000,0x00000000d6100000)
 ParOldGen       total 97280K, used 96891K [0x0000000080000000, 0x0000000085f00000, 0x00000000d5580000)
  object space 97280K, 99% used [0x0000000080000000,0x0000000085e9edf8,0x0000000085f00000)
 Metaspace       used 66565K, committed 68096K, reserved 1114112K
  class space    used 6892K, committed 7552K, reserved 1048576K
}
Event: 4136.206 GC heap before
{Heap before GC invocations=65 (full 3):
 PSYoungGen      total 7168K, used 6917K [0x00000000d5580000, 0x00000000d6100000, 0x0000000100000000)
  eden space 3584K, 93% used [0x00000000d5580000,0x00000000d58c3c08,0x00000000d5900000)
  from space 3584K, 99% used [0x00000000d5900000,0x00000000d5c7d980,0x00000000d5c80000)
  to   space 4096K, 0% used [0x00000000d5d00000,0x00000000d5d00000,0x00000000d6100000)
 ParOldGen       total 97280K, used 96891K [0x0000000080000000, 0x0000000085f00000, 0x00000000d5580000)
  object space 97280K, 99% used [0x0000000080000000,0x0000000085e9edf8,0x0000000085f00000)
 Metaspace       used 66565K, committed 68096K, reserved 1114112K
  class space    used 6892K, committed 7552K, reserved 1048576K
}
Event: 4136.215 GC heap after
{Heap after GC invocations=65 (full 3):
 PSYoungGen      total 6656K, used 3040K [0x00000000d5580000, 0x00000000d6000000, 0x0000000100000000)
  eden space 3584K, 0% used [0x00000000d5580000,0x00000000d5580000,0x00000000d5900000)
  from space 3072K, 98% used [0x00000000d5d00000,0x00000000d5ff8000,0x00000000d6000000)
  to   space 3584K, 0% used [0x00000000d5900000,0x00000000d5900000,0x00000000d5c80000)
 ParOldGen       total 100864K, used 100818K [0x0000000080000000, 0x0000000086280000, 0x00000000d5580000)
  object space 100864K, 99% used [0x0000000080000000,0x00000000862748f8,0x0000000086280000)
 Metaspace       used 66565K, committed 68096K, reserved 1114112K
  class space    used 6892K, committed 7552K, reserved 1048576K
}

