# JRE version: OpenJDK Runtime Environment Temurin-21.0.9+10 (21.0.9+10) (build 21.0.9+10-LTS)
# Java VM: OpenJDK 64-Bit Server VM Temurin-21.0.9+10 (21.0.9+10-LTS, mixed mode, sharing, tiered, compressed oops, compressed class ptrs, parallel gc, windows-amd64)
GC Precious Log:
 CardTable entry size: 512
 CPUs: 4 total, 4 available
 Memory: 3285M
 Large Page Support: Disabled
 NUMA Support: Disabled
 Compressed Oops: Enabled (32-bit)
 Alignments: Space 512K, Generation 512K, Heap 2M
 Heap Min Capacity: 100M
 Heap Initial Capacity: 100M
 Heap Max Capacity: 2G
 Pre-touch: Disabled
 Parallel Workers: 4
Heap:
 PSYoungGen      total 18944K, used 6545K [0x00000000d5580000, 0x00000000d6f00000, 0x0000000100000000)
  eden space 17920K, 30% used [0x00000000d5580000,0x00000000d5ae5980,0x00000000d6700000)
  from space 1024K, 99% used [0x00000000d6700000,0x00000000d67feb30,0x00000000d6800000)
  to   space 4096K, 0% used [0x00000000d6b00000,0x00000000d6b00000,0x00000000d6f00000)
 ParOldGen       total 68608K, used 41029K [0x0000000080000000, 0x0000000084300000, 0x00000000d5580000)
  object space 68608K, 59% used [0x0000000080000000,0x0000000082811468,0x0000000084300000)
 Metaspace       used 54405K, committed 55680K, reserved 1114112K
  class space    used 5895K, committed 6464K, reserved 1048576K
GC Heap History (20 events):
Event: 25.868 GC heap before
{Heap before GC invocations=22 (full 2):
 PSYoungGen      total 23040K, used 22688K [0x00000000d5580000, 0x00000000d6e00000, 0x0000000100000000)
  eden space 20992K, 100% used [0x00000000d5580000,0x00000000d6a00000,0x00000000d6a00000)
  from space 2048K, 82% used [0x00000000d6a00000,0x00000000d6ba8020,0x00000000d6c00000)
  to   space 2048K, 0% used [0x00000000d6c00000,0x00000000d6c00000,0x00000000d6e00000)
 ParOldGen       total 68608K, used 25775K [0x0000000080000000, 0x0000000084300000, 0x00000000d5580000)
  object space 68608K, 37% used [0x0000000080000000,0x000000008192bc00,0x0000000084300000)
 Metaspace       used 44412K, committed 45696K, reserved 1114112K
  class space    used 4800K, committed 5440K, reserved 1048576K
}
Event: 25.879 GC heap after
{Heap after GC invocations=22 (full 2):
 PSYoungGen      total 22528K, used 2048K [0x00000000d5580000, 0x00000000d6f00000, 0x0000000100000000)
  eden space 20480K, 0% used [0x00000000d5580000,0x00000000d5580000,0x00000000d6980000)
  from space 2048K, 100% used [0x00000000d6c00000,0x00000000d6e00000,0x00000000d6e00000)
  to   space 2560K, 0% used [0x00000000d6980000,0x00000000d6980000,0x00000000d6c00000)
 ParOldGen       total 68608K, used 27371K [0x0000000080000000, 0x0000000084300000, 0x00000000d5580000)
  object space 68608K, 39% used [0x0000000080000000,0x0000000081abad30,0x0000000084300000)
 Metaspace       used 44412K, committed 45696K, reserved 1114112K
  class space    used 4800K, committed 5440K, reserved 1048576K
}
Event: 26.136 GC heap before
{Heap before GC invocations=23 (full 2):
 PSYoungGen      total 22528K, used 22528K [0x00000000d5580000, 0x00000000d6f00000, 0x0000000100000000)
  eden space 20480K, 100% used [0x00000000d5580000,0x00000000d6980000,0x00000000d6980000)
  from space 2048K, 100% used [0x00000000d6c00000,0x00000000d6e00000,0x00000000d6e00000)
  to   space 2560K, 0% used [0x00000000d6980000,0x00000000d6980000,0x00000000d6c00000)
 ParOldGen       total 68608K, used 27371K [0x0000000080000000, 0x0000000084300000, 0x00000000d5580000)
  object space 68608K, 39% used [0x0000000080000000,0x0000000081abad30,0x0000000084300000)
 Metaspace       used 44691K, committed 45952K, reserved 1114112K
  class space    used 4838K, committed 5440K, reserved 1048576K
}
Event: 26.147 GC heap after
{Heap after GC invocations=23 (full 2):
 PSYoungGen      total 22528K, used 1828K [0x00000000d5580000, 0x00000000d6d80000, 0x0000000100000000)
  eden space 20480K, 0% used [0x00000000d5580000,0x00000000d5580000,0x00000000d6980000)
  from space 2048K, 89% used [0x00000000d6980000,0x00000000d6b49000,0x00000000d6b80000)
  to   space 2048K, 0% used [0x00000000d6b80000,0x00000000d6b80000,0x00000000d6d80000)
 ParOldGen       total 68608K, used 29325K [0x0000000080000000, 0x0000000084300000, 0x00000000d5580000)
  object space 68608K, 42% used [0x0000000080000000,0x0000000081ca36f0,0x0000000084300000)
 Metaspace       used 44691K, committed 45952K, reserved 1114112K
  class space    used 4838K, committed 5440K, reserved 1048576K
}
Event: 26.350 GC heap before
{Heap before GC invocations=24 (full 2):
 PSYoungGen      total 22528K, used 22308K [0x00000000d5580000, 0x00000000d6d80000, 0x0000000100000000)
  eden space 20480K, 100% used [0x00000000d5580000,0x00000000d6980000,0x00000000d6980000)
  from space 2048K, 89% used [0x00000000d6980000,0x00000000d6b49000,0x00000000d6b80000)
  to   space 2048K, 0% used [0x00000000d6b80000,0x00000000d6b80000,0x00000000d6d80000)
 ParOldGen       total 68608K, used 29325K [0x0000000080000000, 0x0000000084300000, 0x00000000d5580000)
  object space 68608K, 42% used [0x0000000080000000,0x0000000081ca36f0,0x0000000084300000)
 Metaspace       used 45054K, committed 46336K, reserved 1114112K
  class space    used 4888K, committed 5504K, reserved 1048576K
}
Event: 26.355 GC heap after
{Heap after GC invocations=24 (full 2):
 PSYoungGen      total 19968K, used 2016K [0x00000000d5580000, 0x00000000d7280000, 0x0000000100000000)
  eden space 17920K, 0% used [0x00000000d5580000,0x00000000d5580000,0x00000000d6700000)
  from space 2048K, 98% used [0x00000000d6b80000,0x00000000d6d78010,0x00000000d6d80000)
  to   space 4608K, 0% used [0x00000000d6700000,0x00000000d6700000,0x00000000d6b80000)
 ParOldGen       total 68608K, used 31078K [0x0000000080000000, 0x0000000084300000, 0x00000000d5580000)
  object space 68608K, 45% used [0x0000000080000000,0x0000000081e59800,0x0000000084300000)
 Metaspace       used 45054K, committed 46336K, reserved 1114112K
  class space    used 4888K, committed 5504K, reserved 1048576K
}
Event: 26.744 GC heap before
{Heap before GC invocations=25 (full 2):
 PSYoungGen      total 19968K, used 19936K [0x00000000d5580000, 0x00000000d7280000, 0x0000000100000000)
  eden space 17920K, 100% used [0x00000000d5580000,0x00000000d6700000,0x00000000d6700000)
  from space 2048K, 98% used [0x00000000d6b80000,0x00000000d6d78010,0x00000000d6d80000)
  to   space 4608K, 0% used [0x00000000d6700000,0x00000000d6700000,0x00000000d6b80000)
 ParOldGen       total 68608K, used 31078K [0x0000000080000000, 0x0000000084300000, 0x00000000d5580000)
  object space 68608K, 45% used [0x0000000080000000,0x0000000081e59800,0x0000000084300000)
 Metaspace       used 45454K, committed 46784K, reserved 1114112K
  class space    used 4941K, committed 5568K, reserved 1048576K
}
Event: 26.757 GC heap after
{Heap after GC invocations=25 (full 2):
 PSYoungGen      total 19968K, used 1600K [0x00000000d5580000, 0x00000000d6c00000, 0x0000000100000000)
  eden space 17920K, 0% used [0x00000000d5580000,0x00000000d5580000,0x00000000d6700000)
  from space 2048K, 78% used [0x00000000d6700000,0x00000000d6890000,0x00000000d6900000)
  to   space 2560K, 0% used [0x00000000d6980000,0x00000000d6980000,0x00000000d6c00000)
 ParOldGen       total 68608K, used 33062K [0x0000000080000000, 0x0000000084300000, 0x00000000d5580000)
  object space 68608K, 48% used [0x0000000080000000,0x0000000082049810,0x0000000084300000)
 Metaspace       used 45454K, committed 46784K, reserved 1114112K
  class space    used 4941K, committed 5568K, reserved 1048576K
}
Event: 27.457 GC heap before
{Heap before GC invocations=26 (full 2):
 PSYoungGen      total 19968K, used 19520K [0x00000000d5580000, 0x00000000d6c00000, 0x0000000100000000)
  eden space 17920K, 100% used [0x00000000d5580000,0x00000000d6700000,0x00000000d6700000)
  from space 2048K, 78% used [0x00000000d6700000,0x00000000d6890000,0x00000000d6900000)
  to   space 2560K, 0% used [0x00000000d6980000,0x00000000d6980000,0x00000000d6c00000)
 ParOldGen       total 68608K, used 33062K [0x0000000080000000, 0x0000000084300000, 0x00000000d5580000)
  object space 68608K, 48% used [0x0000000080000000,0x0000000082049810,0x0000000084300000)
 Metaspace       used 45958K, committed 47232K, reserved 1114112K
  class space    used 5009K, committed 5632K, reserved 1048576K
}
Event: 27.465 GC heap after
{Heap after GC invocations=26 (full 2):
 PSYoungGen      total 19456K, used 1464K [0x00000000d5580000, 0x00000000d6b00000, 0x0000000100000000)
  eden space 17920K, 0% used [0x00000000d5580000,0x00000000d5580000,0x00000000d6700000)
  from space 1536K, 95% used [0x00000000d6980000,0x00000000d6aee200,0x00000000d6b00000)
  to   space 2048K, 0% used [0x00000000d6700000,0x00000000d6700000,0x00000000d6900000)
 ParOldGen       total 68608K, used 34590K [0x0000000080000000, 0x0000000084300000, 0x00000000d5580000)
  object space 68608K, 50% used [0x0000000080000000,0x00000000821c7810,0x0000000084300000)
 Metaspace       used 45958K, committed 47232K, reserved 1114112K
  class space    used 5009K, committed 5632K, reserved 1048576K
}
Event: 29.174 GC heap before
{Heap before GC invocations=27 (full 2):
 PSYoungGen      total 19456K, used 19384K [0x00000000d5580000, 0x00000000d6b00000, 0x0000000100000000)
  eden space 17920K, 100% used [0x00000000d5580000,0x00000000d6700000,0x00000000d6700000)
  from space 1536K, 95% used [0x00000000d6980000,0x00000000d6aee200,0x00000000d6b00000)
  to   space 2048K, 0% used [0x00000000d6700000,0x00000000d6700000,0x00000000d6900000)
 ParOldGen       total 68608K, used 34590K [0x0000000080000000, 0x0000000084300000, 0x00000000d5580000)
  object space 68608K, 50% used [0x0000000080000000,0x00000000821c7810,0x0000000084300000)
 Metaspace       used 47177K, committed 48384K, reserved 1114112K
  class space    used 5139K, committed 5696K, reserved 1048576K
}
Event: 29.183 GC heap after
{Heap after GC invocations=27 (full 2):
 PSYoungGen      total 19456K, used 1392K [0x00000000d5580000, 0x00000000d6a00000, 0x0000000100000000)
  eden space 17920K, 0% used [0x00000000d5580000,0x00000000d5580000,0x00000000d6700000)
  from space 1536K, 90% used [0x00000000d6700000,0x00000000d685c1c0,0x00000000d6880000)
  to   space 1536K, 0% used [0x00000000d6880000,0x00000000d6880000,0x00000000d6a00000)
 ParOldGen       total 68608K, used 35998K [0x0000000080000000, 0x0000000084300000, 0x00000000d5580000)
  object space 68608K, 52% used [0x0000000080000000,0x0000000082327a20,0x0000000084300000)
 Metaspace       used 47177K, committed 48384K, reserved 1114112K
  class space    used 5139K, committed 5696K, reserved 1048576K
}
Event: 32.563 GC heap before
{Heap before GC invocations=28 (full 2):
 PSYoungGen      total 19456K, used 19312K [0x00000000d5580000, 0x00000000d6a00000, 0x0000000100000000)
  eden space 17920K, 100% used [0x00000000d5580000,0x00000000d6700000,0x00000000d6700000)
  from space 1536K, 90% used [0x00000000d6700000,0x00000000d685c1c0,0x00000000d6880000)
  to   space 1536K, 0% used [0x00000000d6880000,0x00000000d6880000,0x00000000d6a00000)
 ParOldGen       total 68608K, used 35998K [0x0000000080000000, 0x0000000084300000, 0x00000000d5580000)
  object space 68608K, 52% used [0x0000000080000000,0x0000000082327a20,0x0000000084300000)
 Metaspace       used 49523K, committed 50752K, reserved 1114112K
  class space    used 5389K, committed 5952K, reserved 1048576K
}
Event: 32.567 GC heap after
{Heap after GC invocations=28 (full 2):
 PSYoungGen      total 19456K, used 913K [0x00000000d5580000, 0x00000000d6a00000, 0x0000000100000000)
  eden space 17920K, 0% used [0x00000000d5580000,0x00000000d5580000,0x00000000d6700000)
  from space 1536K, 59% used [0x00000000d6880000,0x00000000d6964720,0x00000000d6a00000)
  to   space 1536K, 0% used [0x00000000d6700000,0x00000000d6700000,0x00000000d6880000)
 ParOldGen       total 68608K, used 37261K [0x0000000080000000, 0x0000000084300000, 0x00000000d5580000)
  object space 68608K, 54% used [0x0000000080000000,0x0000000082463418,0x0000000084300000)
 Metaspace       used 49523K, committed 50752K, reserved 1114112K
  class space    used 5389K, committed 5952K, reserved 1048576K
}
Event: 34.784 GC heap before
{Heap before GC invocations=29 (full 2):
 PSYoungGen      total 19456K, used 18833K [0x00000000d5580000, 0x00000000d6a00000, 0x0000000100000000)
  eden space 17920K, 100% used [0x00000000d5580000,0x00000000d6700000,0x00000000d6700000)
  from space 1536K, 59% used [0x00000000d6880000,0x00000000d6964720,0x00000000d6a00000)
  to   space 1536K, 0% used [0x00000000d6700000,0x00000000d6700000,0x00000000d6880000)
 ParOldGen       total 68608K, used 37261K [0x0000000080000000, 0x0000000084300000, 0x00000000d5580000)
  object space 68608K, 54% used [0x0000000080000000,0x0000000082463418,0x0000000084300000)
 Metaspace       used 50743K, committed 52032K, reserved 1114112K
  class space    used 5574K, committed 6144K, reserved 1048576K
}
Event: 34.788 GC heap after
{Heap after GC invocations=29 (full 2):
 PSYoungGen      total 18944K, used 930K [0x00000000d5580000, 0x00000000d6900000, 0x0000000100000000)
  eden space 17920K, 0% used [0x00000000d5580000,0x00000000d5580000,0x00000000d6700000)
  from space 1024K, 90% used [0x00000000d6700000,0x00000000d67e8ae0,0x00000000d6800000)
  to   space 1024K, 0% used [0x00000000d6800000,0x00000000d6800000,0x00000000d6900000)
 ParOldGen       total 68608K, used 38006K [0x0000000080000000, 0x0000000084300000, 0x00000000d5580000)
  object space 68608K, 55% used [0x0000000080000000,0x000000008251d958,0x0000000084300000)
 Metaspace       used 50743K, committed 52032K, reserved 1114112K
  class space    used 5574K, committed 6144K, reserved 1048576K
}
Event: 36.703 GC heap before
{Heap before GC invocations=30 (full 2):
 PSYoungGen      total 18944K, used 18850K [0x00000000d5580000, 0x00000000d6900000, 0x0000000100000000)
  eden space 17920K, 100% used [0x00000000d5580000,0x00000000d6700000,0x00000000d6700000)
  from space 1024K, 90% used [0x00000000d6700000,0x00000000d67e8ae0,0x00000000d6800000)
  to   space 1024K, 0% used [0x00000000d6800000,0x00000000d6800000,0x00000000d6900000)
 ParOldGen       total 68608K, used 38006K [0x0000000080000000, 0x0000000084300000, 0x00000000d5580000)
  object space 68608K, 55% used [0x0000000080000000,0x000000008251d958,0x0000000084300000)
 Metaspace       used 51977K, committed 53248K, reserved 1114112K
  class space    used 5662K, committed 6208K, reserved 1048576K
}
Event: 36.706 GC heap after
{Heap after GC invocations=30 (full 2):
 PSYoungGen      total 18944K, used 528K [0x00000000d5580000, 0x00000000d6900000, 0x0000000100000000)
  eden space 17920K, 0% used [0x00000000d5580000,0x00000000d5580000,0x00000000d6700000)
  from space 1024K, 51% used [0x00000000d6800000,0x00000000d6884010,0x00000000d6900000)
  to   space 1024K, 0% used [0x00000000d6700000,0x00000000d6700000,0x00000000d6800000)
 ParOldGen       total 68608K, used 38865K [0x0000000080000000, 0x0000000084300000, 0x00000000d5580000)
  object space 68608K, 56% used [0x0000000080000000,0x00000000825f4740,0x0000000084300000)
 Metaspace       used 51977K, committed 53248K, reserved 1114112K
  class space    used 5662K, committed 6208K, reserved 1048576K
}
Event: 40.080 GC heap before
{Heap before GC invocations=31 (full 2):
 PSYoungGen      total 18944K, used 18415K [0x00000000d5580000, 0x00000000d6900000, 0x0000000100000000)
  eden space 17920K, 99% used [0x00000000d5580000,0x00000000d66f7f50,0x00000000d6700000)
  from space 1024K, 51% used [0x00000000d6800000,0x00000000d6884010,0x00000000d6900000)
  to   space 1024K, 0% used [0x00000000d6700000,0x00000000d6700000,0x00000000d6800000)
 ParOldGen       total 68608K, used 38865K [0x0000000080000000, 0x0000000084300000, 0x00000000d5580000)
  object space 68608K, 56% used [0x0000000080000000,0x00000000825f4740,0x0000000084300000)
 Metaspace       used 53696K, committed 54976K, reserved 1114112K
  class space    used 5810K, committed 6400K, reserved 1048576K
}
Event: 40.087 GC heap after
{Heap after GC invocations=31 (full 2):
 PSYoungGen      total 18944K, used 1018K [0x00000000d5580000, 0x00000000d6f00000, 0x0000000100000000)
  eden space 17920K, 0% used [0x00000000d5580000,0x00000000d5580000,0x00000000d6700000)
  from space 1024K, 99% used [0x00000000d6700000,0x00000000d67feb30,0x00000000d6800000)
  to   space 4096K, 0% used [0x00000000d6b00000,0x00000000d6b00000,0x00000000d6f00000)
 ParOldGen       total 68608K, used 41029K [0x0000000080000000, 0x0000000084300000, 0x00000000d5580000)
  object space 68608K, 59% used [0x0000000080000000,0x0000000082811468,0x0000000084300000)
 Metaspace       used 53696K, committed 54976K, reserved 1114112K
  class space    used 5810K, committed 6400K, reserved 1048576K
}

