# JRE version: OpenJDK Runtime Environment (23.0.2+7) (build 23.0.2+7-58)
# Java VM: OpenJDK 64-Bit Server VM (23.0.2+7-58, mixed mode, sharing, tiered, compressed oops, compressed class ptrs, g1 gc, windows-amd64)
GC Precious Log:
 CardTable entry size: 512
 Card Set container configuration: InlinePtr #cards 5 size 8 Array Of Cards #cards 10 size 36 Howl #buckets 4 coarsen threshold 1843 Howl Bitmap #cards 512 size 80 coarsen threshold 460 Card regions per heap region 1 cards per card region 2048
 CPUs: 4 total, 4 available
 Memory: 3285M
 Large Page Support: Disabled
 NUMA Support: Disabled
 Compressed Oops: Enabled (32-bit)
 Heap Region Size: 1M
 Heap Min Capacity: 8M
 Heap Initial Capacity: 52M
 Heap Max Capacity: 822M
 Pre-touch: Disabled
 Parallel Workers: 4
 Concurrent Workers: 1
 Concurrent Refinement Workers: 4
 Periodic GC: Disabled
Heap:
 garbage-first heap   total reserved 841728K, committed 53248K, used 19932K [0x00000000cca00000, 0x0000000100000000)
  region size 1024K, 17 young (17408K), 4 survivors (4096K)
 Metaspace       used 15641K, committed 15936K, reserved 1114112K
  class space    used 1942K, committed 2048K, reserved 1048576K
GC Heap History (8 events):
Event: 1.543 GC heap before
{Heap before GC invocations=0 (full 0):
 garbage-first heap   total reserved 841728K, committed 53248K, used 14336K [0x00000000cca00000, 0x0000000100000000)
  region size 1024K, 14 young (14336K), 0 survivors (0K)
 Metaspace       used 3919K, committed 4096K, reserved 1114112K
  class space    used 424K, committed 512K, reserved 1048576K
}
Event: 1.553 GC heap after
{Heap after GC invocations=1 (full 0):
 garbage-first heap   total reserved 841728K, committed 53248K, used 3280K [0x00000000cca00000, 0x0000000100000000)
  region size 1024K, 2 young (2048K), 2 survivors (2048K)
 Metaspace       used 3919K, committed 4096K, reserved 1114112K
  class space    used 424K, committed 512K, reserved 1048576K
}
Event: 1.928 GC heap before
{Heap before GC invocations=1 (full 0):
 garbage-first heap   total reserved 841728K, committed 53248K, used 16592K [0x00000000cca00000, 0x0000000100000000)
  region size 1024K, 15 young (15360K), 2 survivors (2048K)
 Metaspace       used 6017K, committed 6272K, reserved 1114112K
  class space    used 750K, committed 896K, reserved 1048576K
}
Event: 1.933 GC heap after
{Heap after GC invocations=2 (full 0):
 garbage-first heap   total reserved 841728K, committed 53248K, used 4374K [0x00000000cca00000, 0x0000000100000000)
  region size 1024K, 1 young (1024K), 1 survivors (1024K)
 Metaspace       used 6017K, committed 6272K, reserved 1114112K
  class space    used 750K, committed 896K, reserved 1048576K
}
Event: 3.387 GC heap before
{Heap before GC invocations=2 (full 0):
 garbage-first heap   total reserved 841728K, committed 53248K, used 27926K [0x00000000cca00000, 0x0000000100000000)
  region size 1024K, 25 young (25600K), 1 survivors (1024K)
 Metaspace       used 9400K, committed 9600K, reserved 1114112K
  class space    used 1160K, committed 1280K, reserved 1048576K
}
Event: 3.394 GC heap after
{Heap after GC invocations=3 (full 0):
 garbage-first heap   total reserved 841728K, committed 53248K, used 5246K [0x00000000cca00000, 0x0000000100000000)
  region size 1024K, 2 young (2048K), 2 survivors (2048K)
 Metaspace       used 9400K, committed 9600K, reserved 1114112K
  class space    used 1160K, committed 1280K, reserved 1048576K
}
Event: 4.769 GC heap before
{Heap before GC invocations=3 (full 0):
 garbage-first heap   total reserved 841728K, committed 53248K, used 29822K [0x00000000cca00000, 0x0000000100000000)
  region size 1024K, 26 young (26624K), 2 survivors (2048K)
 Metaspace       used 14247K, committed 14528K, reserved 1114112K
  class space    used 1791K, committed 1920K, reserved 1048576K
}
Event: 4.781 GC heap after
{Heap after GC invocations=4 (full 0):
 garbage-first heap   total reserved 841728K, committed 53248K, used 7644K [0x00000000cca00000, 0x0000000100000000)
  region size 1024K, 4 young (4096K), 4 survivors (4096K)
 Metaspace       used 14247K, committed 14528K, reserved 1114112K
  class space    used 1791K, committed 1920K, reserved 1048576K
}

