# JRE version: OpenJDK Runtime Environment Temurin-21.0.9+10 (21.0.9+10) (build 21.0.9+10-LTS)
# Java VM: OpenJDK 64-Bit Server VM Temurin-21.0.9+10 (21.0.9+10-LTS, mixed mode, sharing, tiered, compressed oops, compressed class ptrs, parallel gc, windows-amd64)
GC Precious Log:
 CardTable entry size: 512
 CPUs: 4 total, 4 available
 Memory: 3285M
 Large Page Support: Disabled
 NUMA Support: Disabled
 Compressed Oops: Enabled (Zero based)
 Alignments: Space 512K, Generation 512K, Heap 2M
 Heap Min Capacity: 100M
 Heap Initial Capacity: 100M
 Heap Max Capacity: 4G
 Pre-touch: Disabled
 Parallel Workers: 4
Heap:
 PSYoungGen      total 4608K, used 2021K [0x00000007aab00000, 0x00000007ab100000, 0x0000000800000000)
  eden space 4096K, 44% used [0x00000007aab00000,0x00000007aacc9680,0x00000007aaf00000)
  from space 512K, 37% used [0x00000007ab080000,0x00000007ab0b0000,0x00000007ab100000)
  to   space 1024K, 0% used [0x00000007aaf00000,0x00000007aaf00000,0x00000007ab000000)
 ParOldGen       total 644608K, used 644447K [0x0000000700000000, 0x0000000727580000, 0x00000007aab00000)
  object space 644608K, 99% used [0x0000000700000000,0x0000000727557ce8,0x0000000727580000)
 Metaspace       used 87858K, committed 89664K, reserved 1179648K
  class space    used 8784K, committed 9600K, reserved 1048576K
GC Heap History (20 events):
Event: 3984.361 GC heap before
{Heap before GC invocations=2030 (full 5):
 PSYoungGen      total 5632K, used 5472K [0x00000007aab00000, 0x00000007ab380000, 0x0000000800000000)
  eden space 4096K, 100% used [0x00000007aab00000,0x00000007aaf00000,0x00000007aaf00000)
  from space 1536K, 89% used [0x00000007ab200000,0x00000007ab358000,0x00000007ab380000)
  to   space 1536K, 0% used [0x00000007ab080000,0x00000007ab080000,0x00000007ab200000)
 ParOldGen       total 636416K, used 636299K [0x0000000700000000, 0x0000000726d80000, 0x00000007aab00000)
  object space 636416K, 99% used [0x0000000700000000,0x0000000726d62c08,0x0000000726d80000)
 Metaspace       used 87786K, committed 89600K, reserved 1179648K
  class space    used 8781K, committed 9600K, reserved 1048576K
}
Event: 3984.370 GC heap after
{Heap after GC invocations=2030 (full 5):
 PSYoungGen      total 5632K, used 1424K [0x00000007aab00000, 0x00000007ab280000, 0x0000000800000000)
  eden space 4096K, 0% used [0x00000007aab00000,0x00000007aab00000,0x00000007aaf00000)
  from space 1536K, 92% used [0x00000007ab080000,0x00000007ab1e4010,0x00000007ab200000)
  to   space 512K, 0% used [0x00000007ab200000,0x00000007ab200000,0x00000007ab280000)
 ParOldGen       total 637952K, used 637602K [0x0000000700000000, 0x0000000726f00000, 0x00000007aab00000)
  object space 637952K, 99% used [0x0000000700000000,0x0000000726ea89e0,0x0000000726f00000)
 Metaspace       used 87786K, committed 89600K, reserved 1179648K
  class space    used 8781K, committed 9600K, reserved 1048576K
}
Event: 3984.615 GC heap before
{Heap before GC invocations=2031 (full 5):
 PSYoungGen      total 5632K, used 5520K [0x00000007aab00000, 0x00000007ab280000, 0x0000000800000000)
  eden space 4096K, 100% used [0x00000007aab00000,0x00000007aaf00000,0x00000007aaf00000)
  from space 1536K, 92% used [0x00000007ab080000,0x00000007ab1e4010,0x00000007ab200000)
  to   space 512K, 0% used [0x00000007ab200000,0x00000007ab200000,0x00000007ab280000)
 ParOldGen       total 637952K, used 637602K [0x0000000700000000, 0x0000000726f00000, 0x00000007aab00000)
  object space 637952K, 99% used [0x0000000700000000,0x0000000726ea89e0,0x0000000726f00000)
 Metaspace       used 87801K, committed 89600K, reserved 1179648K
  class space    used 8781K, committed 9600K, reserved 1048576K
}
Event: 3984.626 GC heap after
{Heap after GC invocations=2031 (full 5):
 PSYoungGen      total 4608K, used 416K [0x00000007aab00000, 0x00000007ab280000, 0x0000000800000000)
  eden space 4096K, 0% used [0x00000007aab00000,0x00000007aab00000,0x00000007aaf00000)
  from space 512K, 81% used [0x00000007ab200000,0x00000007ab268000,0x00000007ab280000)
  to   space 1024K, 0% used [0x00000007ab080000,0x00000007ab080000,0x00000007ab180000)
 ParOldGen       total 638464K, used 638437K [0x0000000700000000, 0x0000000726f80000, 0x00000007aab00000)
  object space 638464K, 99% used [0x0000000700000000,0x0000000726f797c8,0x0000000726f80000)
 Metaspace       used 87801K, committed 89600K, reserved 1179648K
  class space    used 8781K, committed 9600K, reserved 1048576K
}
Event: 3984.737 GC heap before
{Heap before GC invocations=2032 (full 5):
 PSYoungGen      total 4608K, used 4512K [0x00000007aab00000, 0x00000007ab280000, 0x0000000800000000)
  eden space 4096K, 100% used [0x00000007aab00000,0x00000007aaf00000,0x00000007aaf00000)
  from space 512K, 81% used [0x00000007ab200000,0x00000007ab268000,0x00000007ab280000)
  to   space 1024K, 0% used [0x00000007ab080000,0x00000007ab080000,0x00000007ab180000)
 ParOldGen       total 638464K, used 638437K [0x0000000700000000, 0x0000000726f80000, 0x00000007aab00000)
  object space 638464K, 99% used [0x0000000700000000,0x0000000726f797c8,0x0000000726f80000)
 Metaspace       used 87801K, committed 89600K, reserved 1179648K
  class space    used 8781K, committed 9600K, reserved 1048576K
}
Event: 3984.744 GC heap after
{Heap after GC invocations=2032 (full 5):
 PSYoungGen      total 5120K, used 1024K [0x00000007aab00000, 0x00000007ab400000, 0x0000000800000000)
  eden space 4096K, 0% used [0x00000007aab00000,0x00000007aab00000,0x00000007aaf00000)
  from space 1024K, 100% used [0x00000007ab080000,0x00000007ab180000,0x00000007ab180000)
  to   space 2560K, 0% used [0x00000007ab180000,0x00000007ab180000,0x00000007ab400000)
 ParOldGen       total 639488K, used 639239K [0x0000000700000000, 0x0000000727080000, 0x00000007aab00000)
  object space 639488K, 99% used [0x0000000700000000,0x0000000727041c40,0x0000000727080000)
 Metaspace       used 87801K, committed 89600K, reserved 1179648K
  class space    used 8781K, committed 9600K, reserved 1048576K
}
Event: 3984.826 GC heap before
{Heap before GC invocations=2033 (full 5):
 PSYoungGen      total 5120K, used 5120K [0x00000007aab00000, 0x00000007ab400000, 0x0000000800000000)
  eden space 4096K, 100% used [0x00000007aab00000,0x00000007aaf00000,0x00000007aaf00000)
  from space 1024K, 100% used [0x00000007ab080000,0x00000007ab180000,0x00000007ab180000)
  to   space 2560K, 0% used [0x00000007ab180000,0x00000007ab180000,0x00000007ab400000)
 ParOldGen       total 639488K, used 639239K [0x0000000700000000, 0x0000000727080000, 0x00000007aab00000)
  object space 639488K, 99% used [0x0000000700000000,0x0000000727041c40,0x0000000727080000)
 Metaspace       used 87801K, committed 89600K, reserved 1179648K
  class space    used 8781K, committed 9600K, reserved 1048576K
}
Event: 3984.833 GC heap after
{Heap after GC invocations=2033 (full 5):
 PSYoungGen      total 5632K, used 1376K [0x00000007aab00000, 0x00000007ab300000, 0x0000000800000000)
  eden space 4096K, 0% used [0x00000007aab00000,0x00000007aab00000,0x00000007aaf00000)
  from space 1536K, 89% used [0x00000007ab180000,0x00000007ab2d8000,0x00000007ab300000)
  to   space 1536K, 0% used [0x00000007ab000000,0x00000007ab000000,0x00000007ab180000)
 ParOldGen       total 640512K, used 640232K [0x0000000700000000, 0x0000000727180000, 0x00000007aab00000)
  object space 640512K, 99% used [0x0000000700000000,0x000000072713a160,0x0000000727180000)
 Metaspace       used 87801K, committed 89600K, reserved 1179648K
  class space    used 8781K, committed 9600K, reserved 1048576K
}
Event: 3985.030 GC heap before
{Heap before GC invocations=2034 (full 5):
 PSYoungGen      total 5632K, used 5472K [0x00000007aab00000, 0x00000007ab300000, 0x0000000800000000)
  eden space 4096K, 100% used [0x00000007aab00000,0x00000007aaf00000,0x00000007aaf00000)
  from space 1536K, 89% used [0x00000007ab180000,0x00000007ab2d8000,0x00000007ab300000)
  to   space 1536K, 0% used [0x00000007ab000000,0x00000007ab000000,0x00000007ab180000)
 ParOldGen       total 640512K, used 640232K [0x0000000700000000, 0x0000000727180000, 0x00000007aab00000)
  object space 640512K, 99% used [0x0000000700000000,0x000000072713a160,0x0000000727180000)
 Metaspace       used 87801K, committed 89600K, reserved 1179648K
  class space    used 8781K, committed 9600K, reserved 1048576K
}
Event: 3985.042 GC heap after
{Heap after GC invocations=2034 (full 5):
 PSYoungGen      total 4608K, used 128K [0x00000007aab00000, 0x00000007ab200000, 0x0000000800000000)
  eden space 4096K, 0% used [0x00000007aab00000,0x00000007aab00000,0x00000007aaf00000)
  from space 512K, 25% used [0x00000007ab000000,0x00000007ab020000,0x00000007ab080000)
  to   space 1024K, 0% used [0x00000007ab100000,0x00000007ab100000,0x00000007ab200000)
 ParOldGen       total 641536K, used 641392K [0x0000000700000000, 0x0000000727280000, 0x00000007aab00000)
  object space 641536K, 99% used [0x0000000700000000,0x000000072725c058,0x0000000727280000)
 Metaspace       used 87801K, committed 89600K, reserved 1179648K
  class space    used 8781K, committed 9600K, reserved 1048576K
}
Event: 3985.207 GC heap before
{Heap before GC invocations=2035 (full 5):
 PSYoungGen      total 4608K, used 4224K [0x00000007aab00000, 0x00000007ab200000, 0x0000000800000000)
  eden space 4096K, 100% used [0x00000007aab00000,0x00000007aaf00000,0x00000007aaf00000)
  from space 512K, 25% used [0x00000007ab000000,0x00000007ab020000,0x00000007ab080000)
  to   space 1024K, 0% used [0x00000007ab100000,0x00000007ab100000,0x00000007ab200000)
 ParOldGen       total 641536K, used 641392K [0x0000000700000000, 0x0000000727280000, 0x00000007aab00000)
  object space 641536K, 99% used [0x0000000700000000,0x000000072725c058,0x0000000727280000)
 Metaspace       used 87805K, committed 89600K, reserved 1179648K
  class space    used 8781K, committed 9600K, reserved 1048576K
}
Event: 3985.249 GC heap after
{Heap after GC invocations=2035 (full 5):
 PSYoungGen      total 5120K, used 1024K [0x00000007aab00000, 0x00000007ab300000, 0x0000000800000000)
  eden space 4096K, 0% used [0x00000007aab00000,0x00000007aab00000,0x00000007aaf00000)
  from space 1024K, 100% used [0x00000007ab100000,0x00000007ab200000,0x00000007ab200000)
  to   space 2048K, 0% used [0x00000007aaf00000,0x00000007aaf00000,0x00000007ab100000)
 ParOldGen       total 642048K, used 641768K [0x0000000700000000, 0x0000000727300000, 0x00000007aab00000)
  object space 642048K, 99% used [0x0000000700000000,0x00000007272ba068,0x0000000727300000)
 Metaspace       used 87805K, committed 89600K, reserved 1179648K
  class space    used 8781K, committed 9600K, reserved 1048576K
}
Event: 3985.586 GC heap before
{Heap before GC invocations=2036 (full 5):
 PSYoungGen      total 5120K, used 5120K [0x00000007aab00000, 0x00000007ab300000, 0x0000000800000000)
  eden space 4096K, 100% used [0x00000007aab00000,0x00000007aaf00000,0x00000007aaf00000)
  from space 1024K, 100% used [0x00000007ab100000,0x00000007ab200000,0x00000007ab200000)
  to   space 2048K, 0% used [0x00000007aaf00000,0x00000007aaf00000,0x00000007ab100000)
 ParOldGen       total 642048K, used 641768K [0x0000000700000000, 0x0000000727300000, 0x00000007aab00000)
  object space 642048K, 99% used [0x0000000700000000,0x00000007272ba068,0x0000000727300000)
 Metaspace       used 87805K, committed 89600K, reserved 1179648K
  class space    used 8781K, committed 9600K, reserved 1048576K
}
Event: 3985.648 GC heap after
{Heap after GC invocations=2036 (full 5):
 PSYoungGen      total 4608K, used 128K [0x00000007aab00000, 0x00000007ab180000, 0x0000000800000000)
  eden space 4096K, 0% used [0x00000007aab00000,0x00000007aab00000,0x00000007aaf00000)
  from space 512K, 25% used [0x00000007aaf00000,0x00000007aaf20000,0x00000007aaf80000)
  to   space 1024K, 0% used [0x00000007ab080000,0x00000007ab080000,0x00000007ab180000)
 ParOldGen       total 643072K, used 642730K [0x0000000700000000, 0x0000000727400000, 0x00000007aab00000)
  object space 643072K, 99% used [0x0000000700000000,0x00000007273aa880,0x0000000727400000)
 Metaspace       used 87805K, committed 89600K, reserved 1179648K
  class space    used 8781K, committed 9600K, reserved 1048576K
}
Event: 3985.778 GC heap before
{Heap before GC invocations=2037 (full 5):
 PSYoungGen      total 4608K, used 4224K [0x00000007aab00000, 0x00000007ab180000, 0x0000000800000000)
  eden space 4096K, 100% used [0x00000007aab00000,0x00000007aaf00000,0x00000007aaf00000)
  from space 512K, 25% used [0x00000007aaf00000,0x00000007aaf20000,0x00000007aaf80000)
  to   space 1024K, 0% used [0x00000007ab080000,0x00000007ab080000,0x00000007ab180000)
 ParOldGen       total 643072K, used 642730K [0x0000000700000000, 0x0000000727400000, 0x00000007aab00000)
  object space 643072K, 99% used [0x0000000700000000,0x00000007273aa880,0x0000000727400000)
 Metaspace       used 87805K, committed 89600K, reserved 1179648K
  class space    used 8781K, committed 9600K, reserved 1048576K
}
Event: 3985.782 GC heap after
{Heap after GC invocations=2037 (full 5):
 PSYoungGen      total 5120K, used 1024K [0x00000007aab00000, 0x00000007ab200000, 0x0000000800000000)
  eden space 4096K, 0% used [0x00000007aab00000,0x00000007aab00000,0x00000007aaf00000)
  from space 1024K, 100% used [0x00000007ab080000,0x00000007ab180000,0x00000007ab180000)
  to   space 1536K, 0% used [0x00000007aaf00000,0x00000007aaf00000,0x00000007ab080000)
 ParOldGen       total 643072K, used 642914K [0x0000000700000000, 0x0000000727400000, 0x00000007aab00000)
  object space 643072K, 99% used [0x0000000700000000,0x00000007273d88b0,0x0000000727400000)
 Metaspace       used 87805K, committed 89600K, reserved 1179648K
  class space    used 8781K, committed 9600K, reserved 1048576K
}
Event: 3985.836 GC heap before
{Heap before GC invocations=2038 (full 5):
 PSYoungGen      total 5120K, used 5120K [0x00000007aab00000, 0x00000007ab200000, 0x0000000800000000)
  eden space 4096K, 100% used [0x00000007aab00000,0x00000007aaf00000,0x00000007aaf00000)
  from space 1024K, 100% used [0x00000007ab080000,0x00000007ab180000,0x00000007ab180000)
  to   space 1536K, 0% used [0x00000007aaf00000,0x00000007aaf00000,0x00000007ab080000)
 ParOldGen       total 643072K, used 642914K [0x0000000700000000, 0x0000000727400000, 0x00000007aab00000)
  object space 643072K, 99% used [0x0000000700000000,0x00000007273d88b0,0x0000000727400000)
 Metaspace       used 87807K, committed 89600K, reserved 1179648K
  class space    used 8781K, committed 9600K, reserved 1048576K
}
Event: 3985.843 GC heap after
{Heap after GC invocations=2038 (full 5):
 PSYoungGen      total 5632K, used 1392K [0x00000007aab00000, 0x00000007ab200000, 0x0000000800000000)
  eden space 4096K, 0% used [0x00000007aab00000,0x00000007aab00000,0x00000007aaf00000)
  from space 1536K, 90% used [0x00000007aaf00000,0x00000007ab05c010,0x00000007ab080000)
  to   space 1536K, 0% used [0x00000007ab080000,0x00000007ab080000,0x00000007ab200000)
 ParOldGen       total 644096K, used 643919K [0x0000000700000000, 0x0000000727500000, 0x00000007aab00000)
  object space 644096K, 99% used [0x0000000700000000,0x00000007274d3de0,0x0000000727500000)
 Metaspace       used 87807K, committed 89600K, reserved 1179648K
  class space    used 8781K, committed 9600K, reserved 1048576K
}
Event: 4011.623 GC heap before
{Heap before GC invocations=2039 (full 5):
 PSYoungGen      total 5632K, used 5488K [0x00000007aab00000, 0x00000007ab200000, 0x0000000800000000)
  eden space 4096K, 100% used [0x00000007aab00000,0x00000007aaf00000,0x00000007aaf00000)
  from space 1536K, 90% used [0x00000007aaf00000,0x00000007ab05c010,0x00000007ab080000)
  to   space 1536K, 0% used [0x00000007ab080000,0x00000007ab080000,0x00000007ab200000)
 ParOldGen       total 644096K, used 643919K [0x0000000700000000, 0x0000000727500000, 0x00000007aab00000)
  object space 644096K, 99% used [0x0000000700000000,0x00000007274d3de0,0x0000000727500000)
 Metaspace       used 87851K, committed 89664K, reserved 1179648K
  class space    used 8781K, committed 9600K, reserved 1048576K
}
Event: 4012.057 GC heap after
{Heap after GC invocations=2039 (full 5):
 PSYoungGen      total 4608K, used 192K [0x00000007aab00000, 0x00000007ab100000, 0x0000000800000000)
  eden space 4096K, 0% used [0x00000007aab00000,0x00000007aab00000,0x00000007aaf00000)
  from space 512K, 37% used [0x00000007ab080000,0x00000007ab0b0000,0x00000007ab100000)
  to   space 1024K, 0% used [0x00000007aaf00000,0x00000007aaf00000,0x00000007ab000000)
 ParOldGen       total 644608K, used 644447K [0x0000000700000000, 0x0000000727580000, 0x00000007aab00000)
  object space 644608K, 99% used [0x0000000700000000,0x0000000727557ce8,0x0000000727580000)
 Metaspace       used 87851K, committed 89664K, reserved 1179648K
  class space    used 8781K, committed 9600K, reserved 1048576K
}

