# JRE version: OpenJDK Runtime Environment Temurin-21.0.9+10 (21.0.9+10) (build 21.0.9+10-LTS)
# Java VM: OpenJDK 64-Bit Server VM Temurin-21.0.9+10 (21.0.9+10-LTS, mixed mode, sharing, tiered, compressed oops, compressed class ptrs, parallel gc, windows-amd64)
GC Precious Log:
 CardTable entry size: 512
 CPUs: 4 total, 4 available
 Memory: 3285M
 Large Page Support: Disabled
 NUMA Support: Disabled
 Compressed Oops: Enabled (32-bit)
 Alignments: Space 512K, Generation 512K, Heap 2M
 Heap Min Capacity: 100M
 Heap Initial Capacity: 100M
 Heap Max Capacity: 2G
 Pre-touch: Disabled
 Parallel Workers: 4
Heap:
 PSYoungGen      total 6656K, used 655K [0x00000000d5580000, 0x00000000d5e00000, 0x0000000100000000)
  eden space 5120K, 5% used [0x00000000d5580000,0x00000000d55c1668,0x00000000d5a80000)
  from space 1536K, 25% used [0x00000000d5b00000,0x00000000d5b62680,0x00000000d5c80000)
  to   space 512K, 0% used [0x00000000d5d80000,0x00000000d5d80000,0x00000000d5e00000)
 ParOldGen       total 120320K, used 104624K [0x0000000080000000, 0x0000000087580000, 0x00000000d5580000)
  object space 120320K, 86% used [0x0000000080000000,0x000000008662c120,0x0000000087580000)
 Metaspace       used 74963K, committed 76480K, reserved 1179648K
  class space    used 7498K, committed 8192K, reserved 1048576K
GC Heap History (20 events):
Event: 4259.637 GC heap before
{Heap before GC invocations=140 (full 4):
 PSYoungGen      total 6656K, used 6176K [0x00000000d5580000, 0x00000000d5d80000, 0x0000000100000000)
  eden space 5120K, 100% used [0x00000000d5580000,0x00000000d5a80000,0x00000000d5a80000)
  from space 1536K, 68% used [0x00000000d5b80000,0x00000000d5c88000,0x00000000d5d00000)
  to   space 512K, 0% used [0x00000000d5d00000,0x00000000d5d00000,0x00000000d5d80000)
 ParOldGen       total 120320K, used 94033K [0x0000000080000000, 0x0000000087580000, 0x00000000d5580000)
  object space 120320K, 78% used [0x0000000080000000,0x0000000085bd44f8,0x0000000087580000)
 Metaspace       used 74709K, committed 76224K, reserved 1179648K
  class space    used 7494K, committed 8192K, reserved 1048576K
}
Event: 4259.655 GC heap after
{Heap after GC invocations=140 (full 4):
 PSYoungGen      total 5632K, used 512K [0x00000000d5580000, 0x00000000d5e80000, 0x0000000100000000)
  eden space 5120K, 0% used [0x00000000d5580000,0x00000000d5580000,0x00000000d5a80000)
  from space 512K, 100% used [0x00000000d5d00000,0x00000000d5d80000,0x00000000d5d80000)
  to   space 2048K, 0% used [0x00000000d5a80000,0x00000000d5a80000,0x00000000d5c80000)
 ParOldGen       total 120320K, used 95373K [0x0000000080000000, 0x0000000087580000, 0x00000000d5580000)
  object space 120320K, 79% used [0x0000000080000000,0x0000000085d23528,0x0000000087580000)
 Metaspace       used 74709K, committed 76224K, reserved 1179648K
  class space    used 7494K, committed 8192K, reserved 1048576K
}
Event: 4260.166 GC heap before
{Heap before GC invocations=141 (full 4):
 PSYoungGen      total 5632K, used 5631K [0x00000000d5580000, 0x00000000d5e80000, 0x0000000100000000)
  eden space 5120K, 99% used [0x00000000d5580000,0x00000000d5a7ffe8,0x00000000d5a80000)
  from space 512K, 100% used [0x00000000d5d00000,0x00000000d5d80000,0x00000000d5d80000)
  to   space 2048K, 0% used [0x00000000d5a80000,0x00000000d5a80000,0x00000000d5c80000)
 ParOldGen       total 120320K, used 95373K [0x0000000080000000, 0x0000000087580000, 0x00000000d5580000)
  object space 120320K, 79% used [0x0000000080000000,0x0000000085d23528,0x0000000087580000)
 Metaspace       used 74768K, committed 76288K, reserved 1179648K
  class space    used 7494K, committed 8192K, reserved 1048576K
}
Event: 4260.177 GC heap after
{Heap after GC invocations=141 (full 4):
 PSYoungGen      total 7168K, used 1369K [0x00000000d5580000, 0x00000000d5e80000, 0x0000000100000000)
  eden space 5120K, 0% used [0x00000000d5580000,0x00000000d5580000,0x00000000d5a80000)
  from space 2048K, 66% used [0x00000000d5a80000,0x00000000d5bd64a8,0x00000000d5c80000)
  to   space 2048K, 0% used [0x00000000d5c80000,0x00000000d5c80000,0x00000000d5e80000)
 ParOldGen       total 120320K, used 95877K [0x0000000080000000, 0x0000000087580000, 0x00000000d5580000)
  object space 120320K, 79% used [0x0000000080000000,0x0000000085da1528,0x0000000087580000)
 Metaspace       used 74768K, committed 76288K, reserved 1179648K
  class space    used 7494K, committed 8192K, reserved 1048576K
}
Event: 4260.305 GC heap before
{Heap before GC invocations=142 (full 4):
 PSYoungGen      total 7168K, used 6489K [0x00000000d5580000, 0x00000000d5e80000, 0x0000000100000000)
  eden space 5120K, 100% used [0x00000000d5580000,0x00000000d5a80000,0x00000000d5a80000)
  from space 2048K, 66% used [0x00000000d5a80000,0x00000000d5bd64a8,0x00000000d5c80000)
  to   space 2048K, 0% used [0x00000000d5c80000,0x00000000d5c80000,0x00000000d5e80000)
 ParOldGen       total 120320K, used 95877K [0x0000000080000000, 0x0000000087580000, 0x00000000d5580000)
  object space 120320K, 79% used [0x0000000080000000,0x0000000085da1528,0x0000000087580000)
 Metaspace       used 74774K, committed 76288K, reserved 1179648K
  class space    used 7494K, committed 8192K, reserved 1048576K
}
Event: 4260.321 GC heap after
{Heap after GC invocations=142 (full 4):
 PSYoungGen      total 6144K, used 777K [0x00000000d5580000, 0x00000000d5d80000, 0x0000000100000000)
  eden space 5120K, 0% used [0x00000000d5580000,0x00000000d5580000,0x00000000d5a80000)
  from space 1024K, 75% used [0x00000000d5c80000,0x00000000d5d424b8,0x00000000d5d80000)
  to   space 1536K, 0% used [0x00000000d5a80000,0x00000000d5a80000,0x00000000d5c00000)
 ParOldGen       total 120320K, used 96985K [0x0000000080000000, 0x0000000087580000, 0x00000000d5580000)
  object space 120320K, 80% used [0x0000000080000000,0x0000000085eb67e8,0x0000000087580000)
 Metaspace       used 74774K, committed 76288K, reserved 1179648K
  class space    used 7494K, committed 8192K, reserved 1048576K
}
Event: 4260.484 GC heap before
{Heap before GC invocations=143 (full 4):
 PSYoungGen      total 6144K, used 5897K [0x00000000d5580000, 0x00000000d5d80000, 0x0000000100000000)
  eden space 5120K, 100% used [0x00000000d5580000,0x00000000d5a80000,0x00000000d5a80000)
  from space 1024K, 75% used [0x00000000d5c80000,0x00000000d5d424b8,0x00000000d5d80000)
  to   space 1536K, 0% used [0x00000000d5a80000,0x00000000d5a80000,0x00000000d5c00000)
 ParOldGen       total 120320K, used 96985K [0x0000000080000000, 0x0000000087580000, 0x00000000d5580000)
  object space 120320K, 80% used [0x0000000080000000,0x0000000085eb67e8,0x0000000087580000)
 Metaspace       used 74795K, committed 76352K, reserved 1179648K
  class space    used 7497K, committed 8192K, reserved 1048576K
}
Event: 4260.494 GC heap after
{Heap after GC invocations=143 (full 4):
 PSYoungGen      total 6656K, used 1264K [0x00000000d5580000, 0x00000000d5d80000, 0x0000000100000000)
  eden space 5120K, 0% used [0x00000000d5580000,0x00000000d5580000,0x00000000d5a80000)
  from space 1536K, 82% used [0x00000000d5a80000,0x00000000d5bbc010,0x00000000d5c00000)
  to   space 1536K, 0% used [0x00000000d5c00000,0x00000000d5c00000,0x00000000d5d80000)
 ParOldGen       total 120320K, used 97702K [0x0000000080000000, 0x0000000087580000, 0x00000000d5580000)
  object space 120320K, 81% used [0x0000000080000000,0x0000000085f69a48,0x0000000087580000)
 Metaspace       used 74795K, committed 76352K, reserved 1179648K
  class space    used 7497K, committed 8192K, reserved 1048576K
}
Event: 4260.944 GC heap before
{Heap before GC invocations=144 (full 4):
 PSYoungGen      total 6656K, used 6048K [0x00000000d5580000, 0x00000000d5d80000, 0x0000000100000000)
  eden space 5120K, 93% used [0x00000000d5580000,0x00000000d5a2c128,0x00000000d5a80000)
  from space 1536K, 82% used [0x00000000d5a80000,0x00000000d5bbc010,0x00000000d5c00000)
  to   space 1536K, 0% used [0x00000000d5c00000,0x00000000d5c00000,0x00000000d5d80000)
 ParOldGen       total 120320K, used 97702K [0x0000000080000000, 0x0000000087580000, 0x00000000d5580000)
  object space 120320K, 81% used [0x0000000080000000,0x0000000085f69a48,0x0000000087580000)
 Metaspace       used 74811K, committed 76352K, reserved 1179648K
  class space    used 7497K, committed 8192K, reserved 1048576K
}
Event: 4260.958 GC heap after
{Heap after GC invocations=144 (full 4):
 PSYoungGen      total 6656K, used 1156K [0x00000000d5580000, 0x00000000d5d80000, 0x0000000100000000)
  eden space 5120K, 0% used [0x00000000d5580000,0x00000000d5580000,0x00000000d5a80000)
  from space 1536K, 75% used [0x00000000d5c00000,0x00000000d5d21118,0x00000000d5d80000)
  to   space 1536K, 0% used [0x00000000d5a80000,0x00000000d5a80000,0x00000000d5c00000)
 ParOldGen       total 120320K, used 98870K [0x0000000080000000, 0x0000000087580000, 0x00000000d5580000)
  object space 120320K, 82% used [0x0000000080000000,0x000000008608da78,0x0000000087580000)
 Metaspace       used 74811K, committed 76352K, reserved 1179648K
  class space    used 7497K, committed 8192K, reserved 1048576K
}
Event: 4261.180 GC heap before
{Heap before GC invocations=145 (full 4):
 PSYoungGen      total 6656K, used 6128K [0x00000000d5580000, 0x00000000d5d80000, 0x0000000100000000)
  eden space 5120K, 97% used [0x00000000d5580000,0x00000000d5a5af68,0x00000000d5a80000)
  from space 1536K, 75% used [0x00000000d5c00000,0x00000000d5d21118,0x00000000d5d80000)
  to   space 1536K, 0% used [0x00000000d5a80000,0x00000000d5a80000,0x00000000d5c00000)
 ParOldGen       total 120320K, used 98870K [0x0000000080000000, 0x0000000087580000, 0x00000000d5580000)
  object space 120320K, 82% used [0x0000000080000000,0x000000008608da78,0x0000000087580000)
 Metaspace       used 74814K, committed 76352K, reserved 1179648K
  class space    used 7497K, committed 8192K, reserved 1048576K
}
Event: 4261.200 GC heap after
{Heap after GC invocations=145 (full 4):
 PSYoungGen      total 6144K, used 563K [0x00000000d5580000, 0x00000000d5c80000, 0x0000000100000000)
  eden space 5120K, 0% used [0x00000000d5580000,0x00000000d5580000,0x00000000d5a80000)
  from space 1024K, 55% used [0x00000000d5a80000,0x00000000d5b0cdf8,0x00000000d5b80000)
  to   space 1024K, 0% used [0x00000000d5b80000,0x00000000d5b80000,0x00000000d5c80000)
 ParOldGen       total 120320K, used 101507K [0x0000000080000000, 0x0000000087580000, 0x00000000d5580000)
  object space 120320K, 84% used [0x0000000080000000,0x0000000086320fe8,0x0000000087580000)
 Metaspace       used 74814K, committed 76352K, reserved 1179648K
  class space    used 7497K, committed 8192K, reserved 1048576K
}
Event: 4262.192 GC heap before
{Heap before GC invocations=146 (full 4):
 PSYoungGen      total 6144K, used 5683K [0x00000000d5580000, 0x00000000d5c80000, 0x0000000100000000)
  eden space 5120K, 100% used [0x00000000d5580000,0x00000000d5a80000,0x00000000d5a80000)
  from space 1024K, 55% used [0x00000000d5a80000,0x00000000d5b0cdf8,0x00000000d5b80000)
  to   space 1024K, 0% used [0x00000000d5b80000,0x00000000d5b80000,0x00000000d5c80000)
 ParOldGen       total 120320K, used 101507K [0x0000000080000000, 0x0000000087580000, 0x00000000d5580000)
  object space 120320K, 84% used [0x0000000080000000,0x0000000086320fe8,0x0000000087580000)
 Metaspace       used 74830K, committed 76352K, reserved 1179648K
  class space    used 7497K, committed 8192K, reserved 1048576K
}
Event: 4262.195 GC heap after
{Heap after GC invocations=146 (full 4):
 PSYoungGen      total 6144K, used 809K [0x00000000d5580000, 0x00000000d5c80000, 0x0000000100000000)
  eden space 5120K, 0% used [0x00000000d5580000,0x00000000d5580000,0x00000000d5a80000)
  from space 1024K, 79% used [0x00000000d5b80000,0x00000000d5c4a7c8,0x00000000d5c80000)
  to   space 1024K, 0% used [0x00000000d5a80000,0x00000000d5a80000,0x00000000d5b80000)
 ParOldGen       total 120320K, used 101581K [0x0000000080000000, 0x0000000087580000, 0x00000000d5580000)
  object space 120320K, 84% used [0x0000000080000000,0x0000000086333600,0x0000000087580000)
 Metaspace       used 74830K, committed 76352K, reserved 1179648K
  class space    used 7497K, committed 8192K, reserved 1048576K
}
Event: 4262.400 GC heap before
{Heap before GC invocations=147 (full 4):
 PSYoungGen      total 6144K, used 5929K [0x00000000d5580000, 0x00000000d5c80000, 0x0000000100000000)
  eden space 5120K, 99% used [0x00000000d5580000,0x00000000d5a7ffa0,0x00000000d5a80000)
  from space 1024K, 79% used [0x00000000d5b80000,0x00000000d5c4a7c8,0x00000000d5c80000)
  to   space 1024K, 0% used [0x00000000d5a80000,0x00000000d5a80000,0x00000000d5b80000)
 ParOldGen       total 120320K, used 101581K [0x0000000080000000, 0x0000000087580000, 0x00000000d5580000)
  object space 120320K, 84% used [0x0000000080000000,0x0000000086333600,0x0000000087580000)
 Metaspace       used 74851K, committed 76352K, reserved 1179648K
  class space    used 7497K, committed 8192K, reserved 1048576K
}
Event: 4262.417 GC heap after
{Heap after GC invocations=147 (full 4):
 PSYoungGen      total 6144K, used 1018K [0x00000000d5580000, 0x00000000d6080000, 0x0000000100000000)
  eden space 5120K, 0% used [0x00000000d5580000,0x00000000d5580000,0x00000000d5a80000)
  from space 1024K, 99% used [0x00000000d5a80000,0x00000000d5b7e8b8,0x00000000d5b80000)
  to   space 3072K, 0% used [0x00000000d5d80000,0x00000000d5d80000,0x00000000d6080000)
 ParOldGen       total 120320K, used 103165K [0x0000000080000000, 0x0000000087580000, 0x00000000d5580000)
  object space 120320K, 85% used [0x0000000080000000,0x00000000864bf440,0x0000000087580000)
 Metaspace       used 74851K, committed 76352K, reserved 1179648K
  class space    used 7497K, committed 8192K, reserved 1048576K
}
Event: 4263.945 GC heap before
{Heap before GC invocations=148 (full 4):
 PSYoungGen      total 6144K, used 6138K [0x00000000d5580000, 0x00000000d6080000, 0x0000000100000000)
  eden space 5120K, 99% used [0x00000000d5580000,0x00000000d5a7ffa0,0x00000000d5a80000)
  from space 1024K, 99% used [0x00000000d5a80000,0x00000000d5b7e8b8,0x00000000d5b80000)
  to   space 3072K, 0% used [0x00000000d5d80000,0x00000000d5d80000,0x00000000d6080000)
 ParOldGen       total 120320K, used 103165K [0x0000000080000000, 0x0000000087580000, 0x00000000d5580000)
  object space 120320K, 85% used [0x0000000080000000,0x00000000864bf440,0x0000000087580000)
 Metaspace       used 74919K, committed 76480K, reserved 1179648K
  class space    used 7497K, committed 8192K, reserved 1048576K
}
Event: 4263.959 GC heap after
{Heap after GC invocations=148 (full 4):
 PSYoungGen      total 5632K, used 308K [0x00000000d5580000, 0x00000000d5e00000, 0x0000000100000000)
  eden space 5120K, 0% used [0x00000000d5580000,0x00000000d5580000,0x00000000d5a80000)
  from space 512K, 60% used [0x00000000d5d80000,0x00000000d5dcd2d0,0x00000000d5e00000)
  to   space 1536K, 0% used [0x00000000d5b00000,0x00000000d5b00000,0x00000000d5c80000)
 ParOldGen       total 120320K, used 104471K [0x0000000080000000, 0x0000000087580000, 0x00000000d5580000)
  object space 120320K, 86% used [0x0000000080000000,0x0000000086605c10,0x0000000087580000)
 Metaspace       used 74919K, committed 76480K, reserved 1179648K
  class space    used 7497K, committed 8192K, reserved 1048576K
}
Event: 4265.296 GC heap before
{Heap before GC invocations=149 (full 4):
 PSYoungGen      total 5632K, used 5428K [0x00000000d5580000, 0x00000000d5e00000, 0x0000000100000000)
  eden space 5120K, 99% used [0x00000000d5580000,0x00000000d5a7ff78,0x00000000d5a80000)
  from space 512K, 60% used [0x00000000d5d80000,0x00000000d5dcd2d0,0x00000000d5e00000)
  to   space 1536K, 0% used [0x00000000d5b00000,0x00000000d5b00000,0x00000000d5c80000)
 ParOldGen       total 120320K, used 104471K [0x0000000080000000, 0x0000000087580000, 0x00000000d5580000)
  object space 120320K, 86% used [0x0000000080000000,0x0000000086605c10,0x0000000087580000)
 Metaspace       used 74962K, committed 76480K, reserved 1179648K
  class space    used 7498K, committed 8192K, reserved 1048576K
}
Event: 4265.335 GC heap after
{Heap after GC invocations=149 (full 4):
 PSYoungGen      total 6656K, used 393K [0x00000000d5580000, 0x00000000d5e00000, 0x0000000100000000)
  eden space 5120K, 0% used [0x00000000d5580000,0x00000000d5580000,0x00000000d5a80000)
  from space 1536K, 25% used [0x00000000d5b00000,0x00000000d5b62680,0x00000000d5c80000)
  to   space 512K, 0% used [0x00000000d5d80000,0x00000000d5d80000,0x00000000d5e00000)
 ParOldGen       total 120320K, used 104624K [0x0000000080000000, 0x0000000087580000, 0x00000000d5580000)
  object space 120320K, 86% used [0x0000000080000000,0x000000008662c120,0x0000000087580000)
 Metaspace       used 74962K, committed 76480K, reserved 1179648K
  class space    used 7498K, committed 8192K, reserved 1048576K
}

