# JRE version: OpenJDK Runtime Environment Temurin-21.0.9+10 (21.0.9+10) (build 21.0.9+10-LTS)
# Java VM: OpenJDK 64-Bit Server VM Temurin-21.0.9+10 (21.0.9+10-LTS, mixed mode, sharing, tiered, compressed oops, compressed class ptrs, parallel gc, windows-amd64)
GC Precious Log:
 CardTable entry size: 512
 CPUs: 4 total, 4 available
 Memory: 3285M
 Large Page Support: Disabled
 NUMA Support: Disabled
 Compressed Oops: Enabled (32-bit)
 Alignments: Space 512K, Generation 512K, Heap 2M
 Heap Min Capacity: 100M
 Heap Initial Capacity: 100M
 Heap Max Capacity: 2G
 Pre-touch: Disabled
 Parallel Workers: 4
Heap:
 PSYoungGen      total 19968K, used 19665K [0x00000000d5580000, 0x00000000d6c80000, 0x0000000100000000)
  eden space 18944K, 100% used [0x00000000d5580000,0x00000000d6800000,0x00000000d6800000)
  from space 1024K, 70% used [0x00000000d6b80000,0x00000000d6c34608,0x00000000d6c80000)
  to   space 1024K, 0% used [0x00000000d6880000,0x00000000d6880000,0x00000000d6980000)
 ParOldGen       total 68608K, used 48240K [0x0000000080000000, 0x0000000084300000, 0x00000000d5580000)
  object space 68608K, 70% used [0x0000000080000000,0x0000000082f1c1f0,0x0000000084300000)
 Metaspace       used 58551K, committed 59968K, reserved 1114112K
  class space    used 6311K, committed 6912K, reserved 1048576K
GC Heap History (20 events):
Event: 32.081 GC heap before
{Heap before GC invocations=29 (full 2):
 PSYoungGen      total 20480K, used 20476K [0x00000000d5580000, 0x00000000d7300000, 0x0000000100000000)
  eden space 18944K, 100% used [0x00000000d5580000,0x00000000d6800000,0x00000000d6800000)
  from space 1536K, 99% used [0x00000000d6c80000,0x00000000d6dff210,0x00000000d6e00000)
  to   space 4608K, 0% used [0x00000000d6800000,0x00000000d6800000,0x00000000d6c80000)
 ParOldGen       total 68608K, used 36879K [0x0000000080000000, 0x0000000084300000, 0x00000000d5580000)
  object space 68608K, 53% used [0x0000000080000000,0x0000000082403fd0,0x0000000084300000)
 Metaspace       used 50544K, committed 51904K, reserved 1114112K
  class space    used 5547K, committed 6144K, reserved 1048576K
}
Event: 32.086 GC heap after
{Heap after GC invocations=29 (full 2):
 PSYoungGen      total 19968K, used 677K [0x00000000d5580000, 0x00000000d6d00000, 0x0000000100000000)
  eden space 18944K, 0% used [0x00000000d5580000,0x00000000d5580000,0x00000000d6800000)
  from space 1024K, 66% used [0x00000000d6800000,0x00000000d68a9558,0x00000000d6900000)
  to   space 2048K, 0% used [0x00000000d6b00000,0x00000000d6b00000,0x00000000d6d00000)
 ParOldGen       total 68608K, used 38234K [0x0000000080000000, 0x0000000084300000, 0x00000000d5580000)
  object space 68608K, 55% used [0x0000000080000000,0x0000000082556a48,0x0000000084300000)
 Metaspace       used 50544K, committed 51904K, reserved 1114112K
  class space    used 5547K, committed 6144K, reserved 1048576K
}
Event: 34.116 GC heap before
{Heap before GC invocations=30 (full 2):
 PSYoungGen      total 19968K, used 19621K [0x00000000d5580000, 0x00000000d6d00000, 0x0000000100000000)
  eden space 18944K, 100% used [0x00000000d5580000,0x00000000d6800000,0x00000000d6800000)
  from space 1024K, 66% used [0x00000000d6800000,0x00000000d68a9558,0x00000000d6900000)
  to   space 2048K, 0% used [0x00000000d6b00000,0x00000000d6b00000,0x00000000d6d00000)
 ParOldGen       total 68608K, used 38234K [0x0000000080000000, 0x0000000084300000, 0x00000000d5580000)
  object space 68608K, 55% used [0x0000000080000000,0x0000000082556a48,0x0000000084300000)
 Metaspace       used 51520K, committed 52864K, reserved 1114112K
  class space    used 5649K, committed 6208K, reserved 1048576K
}
Event: 34.118 GC heap after
{Heap after GC invocations=30 (full 2):
 PSYoungGen      total 19456K, used 352K [0x00000000d5580000, 0x00000000d6b80000, 0x0000000100000000)
  eden space 18944K, 0% used [0x00000000d5580000,0x00000000d5580000,0x00000000d6800000)
  from space 512K, 68% used [0x00000000d6b00000,0x00000000d6b58010,0x00000000d6b80000)
  to   space 1024K, 0% used [0x00000000d6980000,0x00000000d6980000,0x00000000d6a80000)
 ParOldGen       total 68608K, used 38826K [0x0000000080000000, 0x0000000084300000, 0x00000000d5580000)
  object space 68608K, 56% used [0x0000000080000000,0x00000000825ea988,0x0000000084300000)
 Metaspace       used 51520K, committed 52864K, reserved 1114112K
  class space    used 5649K, committed 6208K, reserved 1048576K
}
Event: 35.099 GC heap before
{Heap before GC invocations=31 (full 2):
 PSYoungGen      total 19456K, used 19296K [0x00000000d5580000, 0x00000000d6b80000, 0x0000000100000000)
  eden space 18944K, 100% used [0x00000000d5580000,0x00000000d6800000,0x00000000d6800000)
  from space 512K, 68% used [0x00000000d6b00000,0x00000000d6b58010,0x00000000d6b80000)
  to   space 1024K, 0% used [0x00000000d6980000,0x00000000d6980000,0x00000000d6a80000)
 ParOldGen       total 68608K, used 38826K [0x0000000080000000, 0x0000000084300000, 0x00000000d5580000)
  object space 68608K, 56% used [0x0000000080000000,0x00000000825ea988,0x0000000084300000)
 Metaspace       used 52391K, committed 53760K, reserved 1114112K
  class space    used 5713K, committed 6272K, reserved 1048576K
}
Event: 35.103 GC heap after
{Heap after GC invocations=31 (full 2):
 PSYoungGen      total 19968K, used 1012K [0x00000000d5580000, 0x00000000d6c00000, 0x0000000100000000)
  eden space 18944K, 0% used [0x00000000d5580000,0x00000000d5580000,0x00000000d6800000)
  from space 1024K, 98% used [0x00000000d6980000,0x00000000d6a7d2e0,0x00000000d6a80000)
  to   space 1536K, 0% used [0x00000000d6a80000,0x00000000d6a80000,0x00000000d6c00000)
 ParOldGen       total 68608K, used 39580K [0x0000000080000000, 0x0000000084300000, 0x00000000d5580000)
  object space 68608K, 57% used [0x0000000080000000,0x00000000826a7190,0x0000000084300000)
 Metaspace       used 52391K, committed 53760K, reserved 1114112K
  class space    used 5713K, committed 6272K, reserved 1048576K
}
Event: 35.255 GC heap before
{Heap before GC invocations=32 (full 2):
 PSYoungGen      total 19968K, used 19904K [0x00000000d5580000, 0x00000000d6c00000, 0x0000000100000000)
  eden space 18944K, 99% used [0x00000000d5580000,0x00000000d67f3000,0x00000000d6800000)
  from space 1024K, 98% used [0x00000000d6980000,0x00000000d6a7d2e0,0x00000000d6a80000)
  to   space 1536K, 0% used [0x00000000d6a80000,0x00000000d6a80000,0x00000000d6c00000)
 ParOldGen       total 68608K, used 39580K [0x0000000080000000, 0x0000000084300000, 0x00000000d5580000)
  object space 68608K, 57% used [0x0000000080000000,0x00000000826a7190,0x0000000084300000)
 Metaspace       used 52410K, committed 53760K, reserved 1114112K
  class space    used 5713K, committed 6272K, reserved 1048576K
}
Event: 35.263 GC heap after
{Heap after GC invocations=32 (full 2):
 PSYoungGen      total 19968K, used 957K [0x00000000d5580000, 0x00000000d6b80000, 0x0000000100000000)
  eden space 18944K, 0% used [0x00000000d5580000,0x00000000d5580000,0x00000000d6800000)
  from space 1024K, 93% used [0x00000000d6a80000,0x00000000d6b6f510,0x00000000d6b80000)
  to   space 1536K, 0% used [0x00000000d6880000,0x00000000d6880000,0x00000000d6a00000)
 ParOldGen       total 68608K, used 40384K [0x0000000080000000, 0x0000000084300000, 0x00000000d5580000)
  object space 68608K, 58% used [0x0000000080000000,0x00000000827703f8,0x0000000084300000)
 Metaspace       used 52410K, committed 53760K, reserved 1114112K
  class space    used 5713K, committed 6272K, reserved 1048576K
}
Event: 37.675 GC heap before
{Heap before GC invocations=33 (full 2):
 PSYoungGen      total 19968K, used 19901K [0x00000000d5580000, 0x00000000d6b80000, 0x0000000100000000)
  eden space 18944K, 100% used [0x00000000d5580000,0x00000000d6800000,0x00000000d6800000)
  from space 1024K, 93% used [0x00000000d6a80000,0x00000000d6b6f510,0x00000000d6b80000)
  to   space 1536K, 0% used [0x00000000d6880000,0x00000000d6880000,0x00000000d6a00000)
 ParOldGen       total 68608K, used 40384K [0x0000000080000000, 0x0000000084300000, 0x00000000d5580000)
  object space 68608K, 58% used [0x0000000080000000,0x00000000827703f8,0x0000000084300000)
 Metaspace       used 54706K, committed 56064K, reserved 1114112K
  class space    used 5947K, committed 6528K, reserved 1048576K
}
Event: 37.677 GC heap after
{Heap after GC invocations=33 (full 2):
 PSYoungGen      total 20480K, used 448K [0x00000000d5580000, 0x00000000d6b00000, 0x0000000100000000)
  eden space 18944K, 0% used [0x00000000d5580000,0x00000000d5580000,0x00000000d6800000)
  from space 1536K, 29% used [0x00000000d6880000,0x00000000d68f0000,0x00000000d6a00000)
  to   space 1024K, 0% used [0x00000000d6a00000,0x00000000d6a00000,0x00000000d6b00000)
 ParOldGen       total 68608K, used 40416K [0x0000000080000000, 0x0000000084300000, 0x00000000d5580000)
  object space 68608K, 58% used [0x0000000080000000,0x00000000827783f8,0x0000000084300000)
 Metaspace       used 54706K, committed 56064K, reserved 1114112K
  class space    used 5947K, committed 6528K, reserved 1048576K
}
Event: 39.294 GC heap before
{Heap before GC invocations=34 (full 2):
 PSYoungGen      total 20480K, used 19392K [0x00000000d5580000, 0x00000000d6b00000, 0x0000000100000000)
  eden space 18944K, 100% used [0x00000000d5580000,0x00000000d6800000,0x00000000d6800000)
  from space 1536K, 29% used [0x00000000d6880000,0x00000000d68f0000,0x00000000d6a00000)
  to   space 1024K, 0% used [0x00000000d6a00000,0x00000000d6a00000,0x00000000d6b00000)
 ParOldGen       total 68608K, used 40416K [0x0000000080000000, 0x0000000084300000, 0x00000000d5580000)
  object space 68608K, 58% used [0x0000000080000000,0x00000000827783f8,0x0000000084300000)
 Metaspace       used 57112K, committed 58496K, reserved 1114112K
  class space    used 6176K, committed 6720K, reserved 1048576K
}
Event: 39.301 GC heap after
{Heap after GC invocations=34 (full 2):
 PSYoungGen      total 19968K, used 1024K [0x00000000d5580000, 0x00000000d6c00000, 0x0000000100000000)
  eden space 18944K, 0% used [0x00000000d5580000,0x00000000d5580000,0x00000000d6800000)
  from space 1024K, 100% used [0x00000000d6a00000,0x00000000d6b00000,0x00000000d6b00000)
  to   space 2048K, 0% used [0x00000000d6800000,0x00000000d6800000,0x00000000d6a00000)
 ParOldGen       total 68608K, used 41154K [0x0000000080000000, 0x0000000084300000, 0x00000000d5580000)
  object space 68608K, 59% used [0x0000000080000000,0x0000000082830bb0,0x0000000084300000)
 Metaspace       used 57112K, committed 58496K, reserved 1114112K
  class space    used 6176K, committed 6720K, reserved 1048576K
}
Event: 39.834 GC heap before
{Heap before GC invocations=35 (full 2):
 PSYoungGen      total 19968K, used 19968K [0x00000000d5580000, 0x00000000d6c00000, 0x0000000100000000)
  eden space 18944K, 100% used [0x00000000d5580000,0x00000000d6800000,0x00000000d6800000)
  from space 1024K, 100% used [0x00000000d6a00000,0x00000000d6b00000,0x00000000d6b00000)
  to   space 2048K, 0% used [0x00000000d6800000,0x00000000d6800000,0x00000000d6a00000)
 ParOldGen       total 68608K, used 41154K [0x0000000080000000, 0x0000000084300000, 0x00000000d5580000)
  object space 68608K, 59% used [0x0000000080000000,0x0000000082830bb0,0x0000000084300000)
 Metaspace       used 57843K, committed 59264K, reserved 1114112K
  class space    used 6241K, committed 6784K, reserved 1048576K
}
Event: 39.842 GC heap after
{Heap after GC invocations=35 (full 2):
 PSYoungGen      total 20992K, used 2044K [0x00000000d5580000, 0x00000000d7100000, 0x0000000100000000)
  eden space 18944K, 0% used [0x00000000d5580000,0x00000000d5580000,0x00000000d6800000)
  from space 2048K, 99% used [0x00000000d6800000,0x00000000d69ff000,0x00000000d6a00000)
  to   space 4608K, 0% used [0x00000000d6c80000,0x00000000d6c80000,0x00000000d7100000)
 ParOldGen       total 68608K, used 43002K [0x0000000080000000, 0x0000000084300000, 0x00000000d5580000)
  object space 68608K, 62% used [0x0000000080000000,0x00000000829fea48,0x0000000084300000)
 Metaspace       used 57843K, committed 59264K, reserved 1114112K
  class space    used 6241K, committed 6784K, reserved 1048576K
}
Event: 40.200 GC heap before
{Heap before GC invocations=36 (full 2):
 PSYoungGen      total 20992K, used 20988K [0x00000000d5580000, 0x00000000d7100000, 0x0000000100000000)
  eden space 18944K, 100% used [0x00000000d5580000,0x00000000d6800000,0x00000000d6800000)
  from space 2048K, 99% used [0x00000000d6800000,0x00000000d69ff000,0x00000000d6a00000)
  to   space 4608K, 0% used [0x00000000d6c80000,0x00000000d6c80000,0x00000000d7100000)
 ParOldGen       total 68608K, used 43002K [0x0000000080000000, 0x0000000084300000, 0x00000000d5580000)
  object space 68608K, 62% used [0x0000000080000000,0x00000000829fea48,0x0000000084300000)
 Metaspace       used 58040K, committed 59456K, reserved 1114112K
  class space    used 6263K, committed 6848K, reserved 1048576K
}
Event: 40.214 GC heap after
{Heap after GC invocations=36 (full 2):
 PSYoungGen      total 22016K, used 2873K [0x00000000d5580000, 0x00000000d6f80000, 0x0000000100000000)
  eden space 18944K, 0% used [0x00000000d5580000,0x00000000d5580000,0x00000000d6800000)
  from space 3072K, 93% used [0x00000000d6c80000,0x00000000d6f4e7b8,0x00000000d6f80000)
  to   space 3584K, 0% used [0x00000000d6880000,0x00000000d6880000,0x00000000d6c00000)
 ParOldGen       total 68608K, used 44944K [0x0000000080000000, 0x0000000084300000, 0x00000000d5580000)
  object space 68608K, 65% used [0x0000000080000000,0x0000000082be4008,0x0000000084300000)
 Metaspace       used 58040K, committed 59456K, reserved 1114112K
  class space    used 6263K, committed 6848K, reserved 1048576K
}
Event: 40.404 GC heap before
{Heap before GC invocations=37 (full 2):
 PSYoungGen      total 22016K, used 21817K [0x00000000d5580000, 0x00000000d6f80000, 0x0000000100000000)
  eden space 18944K, 100% used [0x00000000d5580000,0x00000000d6800000,0x00000000d6800000)
  from space 3072K, 93% used [0x00000000d6c80000,0x00000000d6f4e7b8,0x00000000d6f80000)
  to   space 3584K, 0% used [0x00000000d6880000,0x00000000d6880000,0x00000000d6c00000)
 ParOldGen       total 68608K, used 44944K [0x0000000080000000, 0x0000000084300000, 0x00000000d5580000)
  object space 68608K, 65% used [0x0000000080000000,0x0000000082be4008,0x0000000084300000)
 Metaspace       used 58128K, committed 59520K, reserved 1114112K
  class space    used 6268K, committed 6848K, reserved 1048576K
}
Event: 40.414 GC heap after
{Heap after GC invocations=37 (full 2):
 PSYoungGen      total 19968K, used 640K [0x00000000d5580000, 0x00000000d6d00000, 0x0000000100000000)
  eden space 18944K, 0% used [0x00000000d5580000,0x00000000d5580000,0x00000000d6800000)
  from space 1024K, 62% used [0x00000000d6880000,0x00000000d6920000,0x00000000d6980000)
  to   space 1536K, 0% used [0x00000000d6b80000,0x00000000d6b80000,0x00000000d6d00000)
 ParOldGen       total 68608K, used 47664K [0x0000000080000000, 0x0000000084300000, 0x00000000d5580000)
  object space 68608K, 69% used [0x0000000080000000,0x0000000082e8c1f0,0x0000000084300000)
 Metaspace       used 58128K, committed 59520K, reserved 1114112K
  class space    used 6268K, committed 6848K, reserved 1048576K
}
Event: 40.655 GC heap before
{Heap before GC invocations=38 (full 2):
 PSYoungGen      total 19968K, used 19584K [0x00000000d5580000, 0x00000000d6d00000, 0x0000000100000000)
  eden space 18944K, 100% used [0x00000000d5580000,0x00000000d6800000,0x00000000d6800000)
  from space 1024K, 62% used [0x00000000d6880000,0x00000000d6920000,0x00000000d6980000)
  to   space 1536K, 0% used [0x00000000d6b80000,0x00000000d6b80000,0x00000000d6d00000)
 ParOldGen       total 68608K, used 47664K [0x0000000080000000, 0x0000000084300000, 0x00000000d5580000)
  object space 68608K, 69% used [0x0000000080000000,0x0000000082e8c1f0,0x0000000084300000)
 Metaspace       used 58280K, committed 59712K, reserved 1114112K
  class space    used 6283K, committed 6848K, reserved 1048576K
}
Event: 40.663 GC heap after
{Heap after GC invocations=38 (full 2):
 PSYoungGen      total 19968K, used 721K [0x00000000d5580000, 0x00000000d6c80000, 0x0000000100000000)
  eden space 18944K, 0% used [0x00000000d5580000,0x00000000d5580000,0x00000000d6800000)
  from space 1024K, 70% used [0x00000000d6b80000,0x00000000d6c34608,0x00000000d6c80000)
  to   space 1024K, 0% used [0x00000000d6880000,0x00000000d6880000,0x00000000d6980000)
 ParOldGen       total 68608K, used 48240K [0x0000000080000000, 0x0000000084300000, 0x00000000d5580000)
  object space 68608K, 70% used [0x0000000080000000,0x0000000082f1c1f0,0x0000000084300000)
 Metaspace       used 58280K, committed 59712K, reserved 1114112K
  class space    used 6283K, committed 6848K, reserved 1048576K
}

