# JRE version: OpenJDK Runtime Environment Temurin-21.0.9+10 (21.0.9+10) (build 21.0.9+10-LTS)
# Java VM: OpenJDK 64-Bit Server VM Temurin-21.0.9+10 (21.0.9+10-LTS, mixed mode, sharing, tiered, compressed oops, compressed class ptrs, parallel gc, windows-amd64)
GC Precious Log:
 CardTable entry size: 512
 CPUs: 4 total, 4 available
 Memory: 3285M
 Large Page Support: Disabled
 NUMA Support: Disabled
 Compressed Oops: Enabled (32-bit)
 Alignments: Space 512K, Generation 512K, Heap 2M
 Heap Min Capacity: 100M
 Heap Initial Capacity: 100M
 Heap Max Capacity: 2G
 Pre-touch: Disabled
 Parallel Workers: 4
Heap:
 PSYoungGen      total 17920K, used 1314K [0x00000000d5580000, 0x00000000d6800000, 0x0000000100000000)
  eden space 16896K, 5% used [0x00000000d5580000,0x00000000d5678b68,0x00000000d6600000)
  from space 1024K, 31% used [0x00000000d6600000,0x00000000d6650000,0x00000000d6700000)
  to   space 1024K, 0% used [0x00000000d6700000,0x00000000d6700000,0x00000000d6800000)
 ParOldGen       total 68608K, used 42093K [0x0000000080000000, 0x0000000084300000, 0x00000000d5580000)
  object space 68608K, 61% used [0x0000000080000000,0x000000008291b4d8,0x0000000084300000)
 Metaspace       used 58418K, committed 59840K, reserved 1114112K
  class space    used 6292K, committed 6912K, reserved 1048576K
GC Heap History (20 events):
Event: 37.592 GC heap before
{Heap before GC invocations=37 (full 2):
 PSYoungGen      total 17408K, used 17376K [0x00000000d5580000, 0x00000000d6a00000, 0x0000000100000000)
  eden space 16896K, 100% used [0x00000000d5580000,0x00000000d6600000,0x00000000d6600000)
  from space 512K, 93% used [0x00000000d6800000,0x00000000d6878020,0x00000000d6880000)
  to   space 2048K, 0% used [0x00000000d6600000,0x00000000d6600000,0x00000000d6800000)
 ParOldGen       total 68608K, used 45423K [0x0000000080000000, 0x0000000084300000, 0x00000000d5580000)
  object space 68608K, 66% used [0x0000000080000000,0x0000000082c5bdb8,0x0000000084300000)
 Metaspace       used 57723K, committed 59072K, reserved 1114112K
  class space    used 6219K, committed 6848K, reserved 1048576K
}
Event: 37.596 GC heap after
{Heap after GC invocations=37 (full 2):
 PSYoungGen      total 18944K, used 1406K [0x00000000d5580000, 0x00000000d6a00000, 0x0000000100000000)
  eden space 16896K, 0% used [0x00000000d5580000,0x00000000d5580000,0x00000000d6600000)
  from space 2048K, 68% used [0x00000000d6600000,0x00000000d675fb50,0x00000000d6800000)
  to   space 2048K, 0% used [0x00000000d6800000,0x00000000d6800000,0x00000000d6a00000)
 ParOldGen       total 68608K, used 45902K [0x0000000080000000, 0x0000000084300000, 0x00000000d5580000)
  object space 68608K, 66% used [0x0000000080000000,0x0000000082cd3968,0x0000000084300000)
 Metaspace       used 57723K, committed 59072K, reserved 1114112K
  class space    used 6219K, committed 6848K, reserved 1048576K
}
Event: 37.681 GC heap before
{Heap before GC invocations=38 (full 2):
 PSYoungGen      total 18944K, used 18302K [0x00000000d5580000, 0x00000000d6a00000, 0x0000000100000000)
  eden space 16896K, 100% used [0x00000000d5580000,0x00000000d6600000,0x00000000d6600000)
  from space 2048K, 68% used [0x00000000d6600000,0x00000000d675fb50,0x00000000d6800000)
  to   space 2048K, 0% used [0x00000000d6800000,0x00000000d6800000,0x00000000d6a00000)
 ParOldGen       total 68608K, used 45904K [0x0000000080000000, 0x0000000084300000, 0x00000000d5580000)
  object space 68608K, 66% used [0x0000000080000000,0x0000000082cd40d8,0x0000000084300000)
 Metaspace       used 57972K, committed 59328K, reserved 1114112K
  class space    used 6257K, committed 6848K, reserved 1048576K
}
Event: 37.685 GC heap after
{Heap after GC invocations=38 (full 2):
 PSYoungGen      total 17920K, used 534K [0x00000000d5580000, 0x00000000d6900000, 0x0000000100000000)
  eden space 16896K, 0% used [0x00000000d5580000,0x00000000d5580000,0x00000000d6600000)
  from space 1024K, 52% used [0x00000000d6800000,0x00000000d6885ad0,0x00000000d6900000)
  to   space 1024K, 0% used [0x00000000d6700000,0x00000000d6700000,0x00000000d6800000)
 ParOldGen       total 68608K, used 47245K [0x0000000080000000, 0x0000000084300000, 0x00000000d5580000)
  object space 68608K, 68% used [0x0000000080000000,0x0000000082e23658,0x0000000084300000)
 Metaspace       used 57972K, committed 59328K, reserved 1114112K
  class space    used 6257K, committed 6848K, reserved 1048576K
}
Event: 37.797 GC heap before
{Heap before GC invocations=39 (full 2):
 PSYoungGen      total 17920K, used 17430K [0x00000000d5580000, 0x00000000d6900000, 0x0000000100000000)
  eden space 16896K, 99% used [0x00000000d5580000,0x00000000d65fffb8,0x00000000d6600000)
  from space 1024K, 52% used [0x00000000d6800000,0x00000000d6885ad0,0x00000000d6900000)
  to   space 1024K, 0% used [0x00000000d6700000,0x00000000d6700000,0x00000000d6800000)
 ParOldGen       total 68608K, used 47245K [0x0000000080000000, 0x0000000084300000, 0x00000000d5580000)
  object space 68608K, 68% used [0x0000000080000000,0x0000000082e23658,0x0000000084300000)
 Metaspace       used 58123K, committed 59520K, reserved 1114112K
  class space    used 6270K, committed 6848K, reserved 1048576K
}
Event: 37.802 GC heap after
{Heap after GC invocations=39 (full 2):
 PSYoungGen      total 17920K, used 725K [0x00000000d5580000, 0x00000000d6880000, 0x0000000100000000)
  eden space 16896K, 0% used [0x00000000d5580000,0x00000000d5580000,0x00000000d6600000)
  from space 1024K, 70% used [0x00000000d6700000,0x00000000d67b5610,0x00000000d6800000)
  to   space 512K, 0% used [0x00000000d6800000,0x00000000d6800000,0x00000000d6880000)
 ParOldGen       total 68608K, used 47581K [0x0000000080000000, 0x0000000084300000, 0x00000000d5580000)
  object space 68608K, 69% used [0x0000000080000000,0x0000000082e77678,0x0000000084300000)
 Metaspace       used 58123K, committed 59520K, reserved 1114112K
  class space    used 6270K, committed 6848K, reserved 1048576K
}
Event: 37.878 GC heap before
{Heap before GC invocations=40 (full 2):
 PSYoungGen      total 17920K, used 17615K [0x00000000d5580000, 0x00000000d6880000, 0x0000000100000000)
  eden space 16896K, 99% used [0x00000000d5580000,0x00000000d65fe618,0x00000000d6600000)
  from space 1024K, 70% used [0x00000000d6700000,0x00000000d67b5610,0x00000000d6800000)
  to   space 512K, 0% used [0x00000000d6800000,0x00000000d6800000,0x00000000d6880000)
 ParOldGen       total 68608K, used 47581K [0x0000000080000000, 0x0000000084300000, 0x00000000d5580000)
  object space 68608K, 69% used [0x0000000080000000,0x0000000082e77678,0x0000000084300000)
 Metaspace       used 58215K, committed 59648K, reserved 1114112K
  class space    used 6279K, committed 6912K, reserved 1048576K
}
Event: 37.881 GC heap after
{Heap after GC invocations=40 (full 2):
 PSYoungGen      total 17408K, used 407K [0x00000000d5580000, 0x00000000d6880000, 0x0000000100000000)
  eden space 16896K, 0% used [0x00000000d5580000,0x00000000d5580000,0x00000000d6600000)
  from space 512K, 79% used [0x00000000d6800000,0x00000000d6865f98,0x00000000d6880000)
  to   space 1024K, 0% used [0x00000000d6680000,0x00000000d6680000,0x00000000d6780000)
 ParOldGen       total 68608K, used 47933K [0x0000000080000000, 0x0000000084300000, 0x00000000d5580000)
  object space 68608K, 69% used [0x0000000080000000,0x0000000082ecf770,0x0000000084300000)
 Metaspace       used 58215K, committed 59648K, reserved 1114112K
  class space    used 6279K, committed 6912K, reserved 1048576K
}
Event: 38.034 GC heap before
{Heap before GC invocations=41 (full 2):
 PSYoungGen      total 17408K, used 16042K [0x00000000d5580000, 0x00000000d6880000, 0x0000000100000000)
  eden space 16896K, 92% used [0x00000000d5580000,0x00000000d64c4b80,0x00000000d6600000)
  from space 512K, 79% used [0x00000000d6800000,0x00000000d6865f98,0x00000000d6880000)
  to   space 1024K, 0% used [0x00000000d6680000,0x00000000d6680000,0x00000000d6780000)
 ParOldGen       total 68608K, used 47933K [0x0000000080000000, 0x0000000084300000, 0x00000000d5580000)
  object space 68608K, 69% used [0x0000000080000000,0x0000000082ecf770,0x0000000084300000)
 Metaspace       used 58378K, committed 59776K, reserved 1114112K
  class space    used 6288K, committed 6912K, reserved 1048576K
}
Event: 38.037 GC heap after
{Heap after GC invocations=41 (full 2):
 PSYoungGen      total 17920K, used 511K [0x00000000d5580000, 0x00000000d6880000, 0x0000000100000000)
  eden space 16896K, 0% used [0x00000000d5580000,0x00000000d5580000,0x00000000d6600000)
  from space 1024K, 49% used [0x00000000d6680000,0x00000000d66fff38,0x00000000d6780000)
  to   space 1024K, 0% used [0x00000000d6780000,0x00000000d6780000,0x00000000d6880000)
 ParOldGen       total 68608K, used 48164K [0x0000000080000000, 0x0000000084300000, 0x00000000d5580000)
  object space 68608K, 70% used [0x0000000080000000,0x0000000082f09030,0x0000000084300000)
 Metaspace       used 58378K, committed 59776K, reserved 1114112K
  class space    used 6288K, committed 6912K, reserved 1048576K
}
Event: 38.037 GC heap before
{Heap before GC invocations=42 (full 3):
 PSYoungGen      total 17920K, used 511K [0x00000000d5580000, 0x00000000d6880000, 0x0000000100000000)
  eden space 16896K, 0% used [0x00000000d5580000,0x00000000d5580000,0x00000000d6600000)
  from space 1024K, 49% used [0x00000000d6680000,0x00000000d66fff38,0x00000000d6780000)
  to   space 1024K, 0% used [0x00000000d6780000,0x00000000d6780000,0x00000000d6880000)
 ParOldGen       total 68608K, used 48164K [0x0000000080000000, 0x0000000084300000, 0x00000000d5580000)
  object space 68608K, 70% used [0x0000000080000000,0x0000000082f09030,0x0000000084300000)
 Metaspace       used 58378K, committed 59776K, reserved 1114112K
  class space    used 6288K, committed 6912K, reserved 1048576K
}
Event: 38.577 GC heap after
{Heap after GC invocations=42 (full 3):
 PSYoungGen      total 17920K, used 0K [0x00000000d5580000, 0x00000000d6880000, 0x0000000100000000)
  eden space 16896K, 0% used [0x00000000d5580000,0x00000000d5580000,0x00000000d6600000)
  from space 1024K, 0% used [0x00000000d6680000,0x00000000d6680000,0x00000000d6780000)
  to   space 1024K, 0% used [0x00000000d6780000,0x00000000d6780000,0x00000000d6880000)
 ParOldGen       total 68608K, used 41053K [0x0000000080000000, 0x0000000084300000, 0x00000000d5580000)
  object space 68608K, 59% used [0x0000000080000000,0x00000000828174c8,0x0000000084300000)
 Metaspace       used 58375K, committed 59776K, reserved 1114112K
  class space    used 6287K, committed 6912K, reserved 1048576K
}
Event: 38.780 GC heap before
{Heap before GC invocations=43 (full 3):
 PSYoungGen      total 17920K, used 16896K [0x00000000d5580000, 0x00000000d6880000, 0x0000000100000000)
  eden space 16896K, 100% used [0x00000000d5580000,0x00000000d6600000,0x00000000d6600000)
  from space 1024K, 0% used [0x00000000d6680000,0x00000000d6680000,0x00000000d6780000)
  to   space 1024K, 0% used [0x00000000d6780000,0x00000000d6780000,0x00000000d6880000)
 ParOldGen       total 68608K, used 41053K [0x0000000080000000, 0x0000000084300000, 0x00000000d5580000)
  object space 68608K, 59% used [0x0000000080000000,0x00000000828174c8,0x0000000084300000)
 Metaspace       used 58375K, committed 59776K, reserved 1114112K
  class space    used 6287K, committed 6912K, reserved 1048576K
}
Event: 38.782 GC heap after
{Heap after GC invocations=43 (full 3):
 PSYoungGen      total 17408K, used 320K [0x00000000d5580000, 0x00000000d6800000, 0x0000000100000000)
  eden space 16896K, 0% used [0x00000000d5580000,0x00000000d5580000,0x00000000d6600000)
  from space 512K, 62% used [0x00000000d6780000,0x00000000d67d0000,0x00000000d6800000)
  to   space 512K, 0% used [0x00000000d6700000,0x00000000d6700000,0x00000000d6780000)
 ParOldGen       total 68608K, used 41053K [0x0000000080000000, 0x0000000084300000, 0x00000000d5580000)
  object space 68608K, 59% used [0x0000000080000000,0x00000000828174c8,0x0000000084300000)
 Metaspace       used 58375K, committed 59776K, reserved 1114112K
  class space    used 6287K, committed 6912K, reserved 1048576K
}
Event: 38.843 GC heap before
{Heap before GC invocations=44 (full 3):
 PSYoungGen      total 17408K, used 17216K [0x00000000d5580000, 0x00000000d6800000, 0x0000000100000000)
  eden space 16896K, 100% used [0x00000000d5580000,0x00000000d6600000,0x00000000d6600000)
  from space 512K, 62% used [0x00000000d6780000,0x00000000d67d0000,0x00000000d6800000)
  to   space 512K, 0% used [0x00000000d6700000,0x00000000d6700000,0x00000000d6780000)
 ParOldGen       total 68608K, used 41053K [0x0000000080000000, 0x0000000084300000, 0x00000000d5580000)
  object space 68608K, 59% used [0x0000000080000000,0x00000000828174c8,0x0000000084300000)
 Metaspace       used 58375K, committed 59776K, reserved 1114112K
  class space    used 6287K, committed 6912K, reserved 1048576K
}
Event: 38.845 GC heap after
{Heap after GC invocations=44 (full 3):
 PSYoungGen      total 17408K, used 384K [0x00000000d5580000, 0x00000000d6800000, 0x0000000100000000)
  eden space 16896K, 0% used [0x00000000d5580000,0x00000000d5580000,0x00000000d6600000)
  from space 512K, 75% used [0x00000000d6700000,0x00000000d6760000,0x00000000d6780000)
  to   space 512K, 0% used [0x00000000d6780000,0x00000000d6780000,0x00000000d6800000)
 ParOldGen       total 68608K, used 41293K [0x0000000080000000, 0x0000000084300000, 0x00000000d5580000)
  object space 68608K, 60% used [0x0000000080000000,0x00000000828534c8,0x0000000084300000)
 Metaspace       used 58375K, committed 59776K, reserved 1114112K
  class space    used 6287K, committed 6912K, reserved 1048576K
}
Event: 38.939 GC heap before
{Heap before GC invocations=45 (full 3):
 PSYoungGen      total 17408K, used 17280K [0x00000000d5580000, 0x00000000d6800000, 0x0000000100000000)
  eden space 16896K, 100% used [0x00000000d5580000,0x00000000d6600000,0x00000000d6600000)
  from space 512K, 75% used [0x00000000d6700000,0x00000000d6760000,0x00000000d6780000)
  to   space 512K, 0% used [0x00000000d6780000,0x00000000d6780000,0x00000000d6800000)
 ParOldGen       total 68608K, used 41293K [0x0000000080000000, 0x0000000084300000, 0x00000000d5580000)
  object space 68608K, 60% used [0x0000000080000000,0x00000000828534c8,0x0000000084300000)
 Metaspace       used 58386K, committed 59776K, reserved 1114112K
  class space    used 6289K, committed 6912K, reserved 1048576K
}
Event: 38.942 GC heap after
{Heap after GC invocations=45 (full 3):
 PSYoungGen      total 17408K, used 512K [0x00000000d5580000, 0x00000000d6800000, 0x0000000100000000)
  eden space 16896K, 0% used [0x00000000d5580000,0x00000000d5580000,0x00000000d6600000)
  from space 512K, 100% used [0x00000000d6780000,0x00000000d6800000,0x00000000d6800000)
  to   space 1024K, 0% used [0x00000000d6600000,0x00000000d6600000,0x00000000d6700000)
 ParOldGen       total 68608K, used 41653K [0x0000000080000000, 0x0000000084300000, 0x00000000d5580000)
  object space 68608K, 60% used [0x0000000080000000,0x00000000828ad4c8,0x0000000084300000)
 Metaspace       used 58386K, committed 59776K, reserved 1114112K
  class space    used 6289K, committed 6912K, reserved 1048576K
}
Event: 39.038 GC heap before
{Heap before GC invocations=46 (full 3):
 PSYoungGen      total 17408K, used 17408K [0x00000000d5580000, 0x00000000d6800000, 0x0000000100000000)
  eden space 16896K, 100% used [0x00000000d5580000,0x00000000d6600000,0x00000000d6600000)
  from space 512K, 100% used [0x00000000d6780000,0x00000000d6800000,0x00000000d6800000)
  to   space 1024K, 0% used [0x00000000d6600000,0x00000000d6600000,0x00000000d6700000)
 ParOldGen       total 68608K, used 41653K [0x0000000080000000, 0x0000000084300000, 0x00000000d5580000)
  object space 68608K, 60% used [0x0000000080000000,0x00000000828ad4c8,0x0000000084300000)
 Metaspace       used 58414K, committed 59776K, reserved 1114112K
  class space    used 6292K, committed 6912K, reserved 1048576K
}
Event: 39.043 GC heap after
{Heap after GC invocations=46 (full 3):
 PSYoungGen      total 17920K, used 320K [0x00000000d5580000, 0x00000000d6800000, 0x0000000100000000)
  eden space 16896K, 0% used [0x00000000d5580000,0x00000000d5580000,0x00000000d6600000)
  from space 1024K, 31% used [0x00000000d6600000,0x00000000d6650000,0x00000000d6700000)
  to   space 1024K, 0% used [0x00000000d6700000,0x00000000d6700000,0x00000000d6800000)
 ParOldGen       total 68608K, used 42093K [0x0000000080000000, 0x0000000084300000, 0x00000000d5580000)
  object space 68608K, 61% used [0x0000000080000000,0x000000008291b4d8,0x0000000084300000)
 Metaspace       used 58414K, committed 59776K, reserved 1114112K
  class space    used 6292K, committed 6912K, reserved 1048576K
}

