# JRE version: OpenJDK Runtime Environment (23.0.2+7) (build 23.0.2+7-58)
# Java VM: OpenJDK 64-Bit Server VM (23.0.2+7-58, mixed mode, sharing, tiered, compressed oops, compressed class ptrs, g1 gc, windows-amd64)
GC Precious Log:
 CardTable entry size: 512
 Card Set container configuration: InlinePtr #cards 5 size 8 Array Of Cards #cards 10 size 36 Howl #buckets 4 coarsen threshold 1843 Howl Bitmap #cards 512 size 80 coarsen threshold 460 Card regions per heap region 1 cards per card region 2048
 CPUs: 4 total, 4 available
 Memory: 3285M
 Large Page Support: Disabled
 NUMA Support: Disabled
 Compressed Oops: Enabled (32-bit)
 Heap Region Size: 1M
 Heap Min Capacity: 8M
 Heap Initial Capacity: 52M
 Heap Max Capacity: 822M
 Pre-touch: Disabled
 Parallel Workers: 4
 Concurrent Workers: 1
 Concurrent Refinement Workers: 4
 Periodic GC: Disabled
Heap:
 garbage-first heap   total reserved 841728K, committed 53248K, used 21082K [0x00000000cca00000, 0x0000000100000000)
  region size 1024K, 8 young (8192K), 1 survivors (1024K)
 Metaspace       used 22167K, committed 22464K, reserved 1114112K
  class space    used 3196K, committed 3328K, reserved 1048576K
GC Heap History (10 events):
Event: 0.902 GC heap before
{Heap before GC invocations=0 (full 0):
 garbage-first heap   total reserved 841728K, committed 53248K, used 14336K [0x00000000cca00000, 0x0000000100000000)
  region size 1024K, 14 young (14336K), 0 survivors (0K)
 Metaspace       used 2198K, committed 2368K, reserved 1114112K
  class space    used 232K, committed 320K, reserved 1048576K
}
Event: 0.908 GC heap after
{Heap after GC invocations=1 (full 0):
 garbage-first heap   total reserved 841728K, committed 53248K, used 1792K [0x00000000cca00000, 0x0000000100000000)
  region size 1024K, 2 young (2048K), 2 survivors (2048K)
 Metaspace       used 2198K, committed 2368K, reserved 1114112K
  class space    used 232K, committed 320K, reserved 1048576K
}
Event: 1.900 GC heap before
{Heap before GC invocations=1 (full 0):
 garbage-first heap   total reserved 841728K, committed 53248K, used 15104K [0x00000000cca00000, 0x0000000100000000)
  region size 1024K, 16 young (16384K), 2 survivors (2048K)
 Metaspace       used 7094K, committed 7360K, reserved 1114112K
  class space    used 795K, committed 896K, reserved 1048576K
}
Event: 1.905 GC heap after
{Heap after GC invocations=2 (full 0):
 garbage-first heap   total reserved 841728K, committed 53248K, used 3964K [0x00000000cca00000, 0x0000000100000000)
  region size 1024K, 2 young (2048K), 2 survivors (2048K)
 Metaspace       used 7094K, committed 7360K, reserved 1114112K
  class space    used 795K, committed 896K, reserved 1048576K
}
Event: 2.640 GC heap before
{Heap before GC invocations=2 (full 0):
 garbage-first heap   total reserved 841728K, committed 53248K, used 28540K [0x00000000cca00000, 0x0000000100000000)
  region size 1024K, 27 young (27648K), 2 survivors (2048K)
 Metaspace       used 12587K, committed 12800K, reserved 1114112K
  class space    used 1750K, committed 1856K, reserved 1048576K
}
Event: 2.648 GC heap after
{Heap after GC invocations=3 (full 0):
 garbage-first heap   total reserved 841728K, committed 53248K, used 6514K [0x00000000cca00000, 0x0000000100000000)
  region size 1024K, 4 young (4096K), 4 survivors (4096K)
 Metaspace       used 12587K, committed 12800K, reserved 1114112K
  class space    used 1750K, committed 1856K, reserved 1048576K
}
Event: 3.710 GC heap before
{Heap before GC invocations=3 (full 0):
 garbage-first heap   total reserved 841728K, committed 53248K, used 35186K [0x00000000cca00000, 0x0000000100000000)
  region size 1024K, 28 young (28672K), 4 survivors (4096K)
 Metaspace       used 20820K, committed 21120K, reserved 1114112K
  class space    used 2946K, committed 3072K, reserved 1048576K
}
Event: 3.719 GC heap after
{Heap after GC invocations=4 (full 0):
 garbage-first heap   total reserved 841728K, committed 53248K, used 14441K [0x00000000cca00000, 0x0000000100000000)
  region size 1024K, 3 young (3072K), 3 survivors (3072K)
 Metaspace       used 20820K, committed 21120K, reserved 1114112K
  class space    used 2946K, committed 3072K, reserved 1048576K
}
Event: 3.772 GC heap before
{Heap before GC invocations=4 (full 0):
 garbage-first heap   total reserved 841728K, committed 53248K, used 16489K [0x00000000cca00000, 0x0000000100000000)
  region size 1024K, 6 young (6144K), 3 survivors (3072K)
 Metaspace       used 21340K, committed 21504K, reserved 1114112K
  class space    used 3062K, committed 3136K, reserved 1048576K
}
Event: 3.776 GC heap after
{Heap after GC invocations=5 (full 0):
 garbage-first heap   total reserved 841728K, committed 53248K, used 14938K [0x00000000cca00000, 0x0000000100000000)
  region size 1024K, 1 young (1024K), 1 survivors (1024K)
 Metaspace       used 21340K, committed 21504K, reserved 1114112K
  class space    used 3062K, committed 3136K, reserved 1048576K
}

