# JRE version: OpenJDK Runtime Environment Temurin-21.0.9+10 (21.0.9+10) (build 21.0.9+10-LTS)
# Java VM: OpenJDK 64-Bit Server VM Temurin-21.0.9+10 (21.0.9+10-LTS, mixed mode, sharing, tiered, compressed oops, compressed class ptrs, parallel gc, windows-amd64)
GC Precious Log:
 CardTable entry size: 512
 CPUs: 4 total, 4 available
 Memory: 3285M
 Large Page Support: Disabled
 NUMA Support: Disabled
 Compressed Oops: Enabled (32-bit)
 Alignments: Space 512K, Generation 512K, Heap 2M
 Heap Min Capacity: 100M
 Heap Initial Capacity: 100M
 Heap Max Capacity: 2G
 Pre-touch: Disabled
 Parallel Workers: 4
Heap:
 PSYoungGen      total 20480K, used 7578K [0x00000000d5580000, 0x00000000d6c00000, 0x0000000100000000)
  eden space 19456K, 34% used [0x00000000d5580000,0x00000000d5c00118,0x00000000d6880000)
  from space 1024K, 90% used [0x00000000d6b00000,0x00000000d6be68c8,0x00000000d6c00000)
  to   space 1536K, 0% used [0x00000000d6900000,0x00000000d6900000,0x00000000d6a80000)
 ParOldGen       total 68608K, used 41640K [0x0000000080000000, 0x0000000084300000, 0x00000000d5580000)
  object space 68608K, 60% used [0x0000000080000000,0x00000000828aa1f8,0x0000000084300000)
 Metaspace       used 60247K, committed 61632K, reserved 1114112K
  class space    used 6602K, committed 7168K, reserved 1048576K
GC Heap History (20 events):
Event: 34.632 GC heap before
{Heap before GC invocations=30 (full 2):
 PSYoungGen      total 23040K, used 22734K [0x00000000d5580000, 0x00000000d6e00000, 0x0000000100000000)
  eden space 22016K, 99% used [0x00000000d5580000,0x00000000d6af81c0,0x00000000d6b00000)
  from space 1024K, 73% used [0x00000000d6b00000,0x00000000d6bbba28,0x00000000d6c00000)
  to   space 1536K, 0% used [0x00000000d6c80000,0x00000000d6c80000,0x00000000d6e00000)
 ParOldGen       total 68608K, used 40312K [0x0000000080000000, 0x0000000084300000, 0x00000000d5580000)
  object space 68608K, 58% used [0x0000000080000000,0x000000008275e290,0x0000000084300000)
 Metaspace       used 51591K, committed 52864K, reserved 1114112K
  class space    used 5665K, committed 6208K, reserved 1048576K
}
Event: 34.637 GC heap after
{Heap after GC invocations=30 (full 2):
 PSYoungGen      total 22528K, used 1523K [0x00000000d5580000, 0x00000000d7000000, 0x0000000100000000)
  eden space 20992K, 0% used [0x00000000d5580000,0x00000000d5580000,0x00000000d6a00000)
  from space 1536K, 99% used [0x00000000d6c80000,0x00000000d6dfcc68,0x00000000d6e00000)
  to   space 2560K, 0% used [0x00000000d6a00000,0x00000000d6a00000,0x00000000d6c80000)
 ParOldGen       total 68608K, used 40656K [0x0000000080000000, 0x0000000084300000, 0x00000000d5580000)
  object space 68608K, 59% used [0x0000000080000000,0x00000000827b42b0,0x0000000084300000)
 Metaspace       used 51591K, committed 52864K, reserved 1114112K
  class space    used 5665K, committed 6208K, reserved 1048576K
}
Event: 34.961 GC heap before
{Heap before GC invocations=31 (full 2):
 PSYoungGen      total 22528K, used 22515K [0x00000000d5580000, 0x00000000d7000000, 0x0000000100000000)
  eden space 20992K, 100% used [0x00000000d5580000,0x00000000d6a00000,0x00000000d6a00000)
  from space 1536K, 99% used [0x00000000d6c80000,0x00000000d6dfcc68,0x00000000d6e00000)
  to   space 2560K, 0% used [0x00000000d6a00000,0x00000000d6a00000,0x00000000d6c80000)
 ParOldGen       total 68608K, used 40656K [0x0000000080000000, 0x0000000084300000, 0x00000000d5580000)
  object space 68608K, 59% used [0x0000000080000000,0x00000000827b42b0,0x0000000084300000)
 Metaspace       used 53031K, committed 54272K, reserved 1114112K
  class space    used 5813K, committed 6336K, reserved 1048576K
}
Event: 34.966 GC heap after
{Heap after GC invocations=31 (full 2):
 PSYoungGen      total 22016K, used 660K [0x00000000d5580000, 0x00000000d6d00000, 0x0000000100000000)
  eden space 20992K, 0% used [0x00000000d5580000,0x00000000d5580000,0x00000000d6a00000)
  from space 1024K, 64% used [0x00000000d6a00000,0x00000000d6aa53e8,0x00000000d6b00000)
  to   space 1536K, 0% used [0x00000000d6b80000,0x00000000d6b80000,0x00000000d6d00000)
 ParOldGen       total 68608K, used 41701K [0x0000000080000000, 0x0000000084300000, 0x00000000d5580000)
  object space 68608K, 60% used [0x0000000080000000,0x00000000828b9440,0x0000000084300000)
 Metaspace       used 53031K, committed 54272K, reserved 1114112K
  class space    used 5813K, committed 6336K, reserved 1048576K
}
Event: 35.336 GC heap before
{Heap before GC invocations=32 (full 2):
 PSYoungGen      total 22016K, used 21652K [0x00000000d5580000, 0x00000000d6d00000, 0x0000000100000000)
  eden space 20992K, 100% used [0x00000000d5580000,0x00000000d6a00000,0x00000000d6a00000)
  from space 1024K, 64% used [0x00000000d6a00000,0x00000000d6aa53e8,0x00000000d6b00000)
  to   space 1536K, 0% used [0x00000000d6b80000,0x00000000d6b80000,0x00000000d6d00000)
 ParOldGen       total 68608K, used 41701K [0x0000000080000000, 0x0000000084300000, 0x00000000d5580000)
  object space 68608K, 60% used [0x0000000080000000,0x00000000828b9440,0x0000000084300000)
 Metaspace       used 53901K, committed 55168K, reserved 1114112K
  class space    used 5927K, committed 6464K, reserved 1048576K
}
Event: 35.339 GC heap after
{Heap after GC invocations=32 (full 2):
 PSYoungGen      total 22016K, used 625K [0x00000000d5580000, 0x00000000d6c80000, 0x0000000100000000)
  eden space 20992K, 0% used [0x00000000d5580000,0x00000000d5580000,0x00000000d6a00000)
  from space 1024K, 61% used [0x00000000d6b80000,0x00000000d6c1c7a0,0x00000000d6c80000)
  to   space 1024K, 0% used [0x00000000d6a00000,0x00000000d6a00000,0x00000000d6b00000)
 ParOldGen       total 68608K, used 42132K [0x0000000080000000, 0x0000000084300000, 0x00000000d5580000)
  object space 68608K, 61% used [0x0000000080000000,0x0000000082925378,0x0000000084300000)
 Metaspace       used 53901K, committed 55168K, reserved 1114112K
  class space    used 5927K, committed 6464K, reserved 1048576K
}
Event: 37.663 GC heap before
{Heap before GC invocations=33 (full 2):
 PSYoungGen      total 22016K, used 21617K [0x00000000d5580000, 0x00000000d6c80000, 0x0000000100000000)
  eden space 20992K, 100% used [0x00000000d5580000,0x00000000d6a00000,0x00000000d6a00000)
  from space 1024K, 61% used [0x00000000d6b80000,0x00000000d6c1c7a0,0x00000000d6c80000)
  to   space 1024K, 0% used [0x00000000d6a00000,0x00000000d6a00000,0x00000000d6b00000)
 ParOldGen       total 68608K, used 42132K [0x0000000080000000, 0x0000000084300000, 0x00000000d5580000)
  object space 68608K, 61% used [0x0000000080000000,0x0000000082925378,0x0000000084300000)
 Metaspace       used 54685K, committed 56000K, reserved 1114112K
  class space    used 6033K, committed 6592K, reserved 1048576K
}
Event: 37.665 GC heap after
{Heap after GC invocations=33 (full 2):
 PSYoungGen      total 22016K, used 320K [0x00000000d5580000, 0x00000000d6c00000, 0x0000000100000000)
  eden space 20992K, 0% used [0x00000000d5580000,0x00000000d5580000,0x00000000d6a00000)
  from space 1024K, 31% used [0x00000000d6a00000,0x00000000d6a50000,0x00000000d6b00000)
  to   space 512K, 0% used [0x00000000d6b80000,0x00000000d6b80000,0x00000000d6c00000)
 ParOldGen       total 68608K, used 42542K [0x0000000080000000, 0x0000000084300000, 0x00000000d5580000)
  object space 68608K, 62% used [0x0000000080000000,0x000000008298bb60,0x0000000084300000)
 Metaspace       used 54685K, committed 56000K, reserved 1114112K
  class space    used 6033K, committed 6592K, reserved 1048576K
}
Event: 39.255 GC heap before
{Heap before GC invocations=34 (full 2):
 PSYoungGen      total 22016K, used 21312K [0x00000000d5580000, 0x00000000d6c00000, 0x0000000100000000)
  eden space 20992K, 100% used [0x00000000d5580000,0x00000000d6a00000,0x00000000d6a00000)
  from space 1024K, 31% used [0x00000000d6a00000,0x00000000d6a50000,0x00000000d6b00000)
  to   space 512K, 0% used [0x00000000d6b80000,0x00000000d6b80000,0x00000000d6c00000)
 ParOldGen       total 68608K, used 42542K [0x0000000080000000, 0x0000000084300000, 0x00000000d5580000)
  object space 68608K, 62% used [0x0000000080000000,0x000000008298bb60,0x0000000084300000)
 Metaspace       used 56270K, committed 57600K, reserved 1114112K
  class space    used 6179K, committed 6720K, reserved 1048576K
}
Event: 39.261 GC heap after
{Heap after GC invocations=34 (full 2):
 PSYoungGen      total 19968K, used 506K [0x00000000d5580000, 0x00000000d7000000, 0x0000000100000000)
  eden space 19456K, 0% used [0x00000000d5580000,0x00000000d5580000,0x00000000d6880000)
  from space 512K, 98% used [0x00000000d6b80000,0x00000000d6bfe858,0x00000000d6c00000)
  to   space 3072K, 0% used [0x00000000d6880000,0x00000000d6880000,0x00000000d6b80000)
 ParOldGen       total 68608K, used 44476K [0x0000000080000000, 0x0000000084300000, 0x00000000d5580000)
  object space 68608K, 64% used [0x0000000080000000,0x0000000082b6f3e0,0x0000000084300000)
 Metaspace       used 56270K, committed 57600K, reserved 1114112K
  class space    used 6179K, committed 6720K, reserved 1048576K
}
Event: 42.433 GC heap before
{Heap before GC invocations=35 (full 2):
 PSYoungGen      total 19968K, used 19940K [0x00000000d5580000, 0x00000000d7000000, 0x0000000100000000)
  eden space 19456K, 99% used [0x00000000d5580000,0x00000000d687aa78,0x00000000d6880000)
  from space 512K, 98% used [0x00000000d6b80000,0x00000000d6bfe858,0x00000000d6c00000)
  to   space 3072K, 0% used [0x00000000d6880000,0x00000000d6880000,0x00000000d6b80000)
 ParOldGen       total 68608K, used 44476K [0x0000000080000000, 0x0000000084300000, 0x00000000d5580000)
  object space 68608K, 64% used [0x0000000080000000,0x0000000082b6f3e0,0x0000000084300000)
 Metaspace       used 57529K, committed 58752K, reserved 1114112K
  class space    used 6328K, committed 6848K, reserved 1048576K
}
Event: 42.441 GC heap after
{Heap after GC invocations=35 (full 2):
 PSYoungGen      total 22528K, used 2908K [0x00000000d5580000, 0x00000000d6f80000, 0x0000000100000000)
  eden space 19456K, 0% used [0x00000000d5580000,0x00000000d5580000,0x00000000d6880000)
  from space 3072K, 94% used [0x00000000d6880000,0x00000000d6b573c8,0x00000000d6b80000)
  to   space 3584K, 0% used [0x00000000d6c00000,0x00000000d6c00000,0x00000000d6f80000)
 ParOldGen       total 68608K, used 44989K [0x0000000080000000, 0x0000000084300000, 0x00000000d5580000)
  object space 68608K, 65% used [0x0000000080000000,0x0000000082bef520,0x0000000084300000)
 Metaspace       used 57529K, committed 58752K, reserved 1114112K
  class space    used 6328K, committed 6848K, reserved 1048576K
}
Event: 44.286 GC heap before
{Heap before GC invocations=36 (full 2):
 PSYoungGen      total 22528K, used 22364K [0x00000000d5580000, 0x00000000d6f80000, 0x0000000100000000)
  eden space 19456K, 100% used [0x00000000d5580000,0x00000000d6880000,0x00000000d6880000)
  from space 3072K, 94% used [0x00000000d6880000,0x00000000d6b573c8,0x00000000d6b80000)
  to   space 3584K, 0% used [0x00000000d6c00000,0x00000000d6c00000,0x00000000d6f80000)
 ParOldGen       total 68608K, used 44989K [0x0000000080000000, 0x0000000084300000, 0x00000000d5580000)
  object space 68608K, 65% used [0x0000000080000000,0x0000000082bef520,0x0000000084300000)
 Metaspace       used 58434K, committed 59712K, reserved 1114112K
  class space    used 6404K, committed 6912K, reserved 1048576K
}
Event: 44.295 GC heap after
{Heap after GC invocations=36 (full 2):
 PSYoungGen      total 22528K, used 2924K [0x00000000d5580000, 0x00000000d6f00000, 0x0000000100000000)
  eden space 19456K, 0% used [0x00000000d5580000,0x00000000d5580000,0x00000000d6880000)
  from space 3072K, 95% used [0x00000000d6c00000,0x00000000d6edb370,0x00000000d6f00000)
  to   space 3072K, 0% used [0x00000000d6880000,0x00000000d6880000,0x00000000d6b80000)
 ParOldGen       total 68608K, used 47663K [0x0000000080000000, 0x0000000084300000, 0x00000000d5580000)
  object space 68608K, 69% used [0x0000000080000000,0x0000000082e8bc60,0x0000000084300000)
 Metaspace       used 58434K, committed 59712K, reserved 1114112K
  class space    used 6404K, committed 6912K, reserved 1048576K
}
Event: 44.310 GC heap before
{Heap before GC invocations=37 (full 2):
 PSYoungGen      total 22528K, used 3452K [0x00000000d5580000, 0x00000000d6f00000, 0x0000000100000000)
  eden space 19456K, 2% used [0x00000000d5580000,0x00000000d5603d28,0x00000000d6880000)
  from space 3072K, 95% used [0x00000000d6c00000,0x00000000d6edb370,0x00000000d6f00000)
  to   space 3072K, 0% used [0x00000000d6880000,0x00000000d6880000,0x00000000d6b80000)
 ParOldGen       total 68608K, used 47663K [0x0000000080000000, 0x0000000084300000, 0x00000000d5580000)
  object space 68608K, 69% used [0x0000000080000000,0x0000000082e8bc60,0x0000000084300000)
 Metaspace       used 58495K, committed 59776K, reserved 1114112K
  class space    used 6414K, committed 6912K, reserved 1048576K
}
Event: 44.314 GC heap after
{Heap after GC invocations=37 (full 2):
 PSYoungGen      total 19968K, used 128K [0x00000000d5580000, 0x00000000d6c80000, 0x0000000100000000)
  eden space 19456K, 0% used [0x00000000d5580000,0x00000000d5580000,0x00000000d6880000)
  from space 512K, 25% used [0x00000000d6880000,0x00000000d68a0000,0x00000000d6900000)
  to   space 1536K, 0% used [0x00000000d6b00000,0x00000000d6b00000,0x00000000d6c80000)
 ParOldGen       total 68608K, used 50483K [0x0000000080000000, 0x0000000084300000, 0x00000000d5580000)
  object space 68608K, 73% used [0x0000000080000000,0x000000008314cf78,0x0000000084300000)
 Metaspace       used 58495K, committed 59776K, reserved 1114112K
  class space    used 6414K, committed 6912K, reserved 1048576K
}
Event: 44.314 GC heap before
{Heap before GC invocations=38 (full 3):
 PSYoungGen      total 19968K, used 128K [0x00000000d5580000, 0x00000000d6c80000, 0x0000000100000000)
  eden space 19456K, 0% used [0x00000000d5580000,0x00000000d5580000,0x00000000d6880000)
  from space 512K, 25% used [0x00000000d6880000,0x00000000d68a0000,0x00000000d6900000)
  to   space 1536K, 0% used [0x00000000d6b00000,0x00000000d6b00000,0x00000000d6c80000)
 ParOldGen       total 68608K, used 50483K [0x0000000080000000, 0x0000000084300000, 0x00000000d5580000)
  object space 68608K, 73% used [0x0000000080000000,0x000000008314cf78,0x0000000084300000)
 Metaspace       used 58495K, committed 59776K, reserved 1114112K
  class space    used 6414K, committed 6912K, reserved 1048576K
}
Event: 44.940 GC heap after
{Heap after GC invocations=38 (full 3):
 PSYoungGen      total 19968K, used 0K [0x00000000d5580000, 0x00000000d6c80000, 0x0000000100000000)
  eden space 19456K, 0% used [0x00000000d5580000,0x00000000d5580000,0x00000000d6880000)
  from space 512K, 0% used [0x00000000d6880000,0x00000000d6880000,0x00000000d6900000)
  to   space 1536K, 0% used [0x00000000d6b00000,0x00000000d6b00000,0x00000000d6c80000)
 ParOldGen       total 68608K, used 41632K [0x0000000080000000, 0x0000000084300000, 0x00000000d5580000)
  object space 68608K, 60% used [0x0000000080000000,0x00000000828a81f8,0x0000000084300000)
 Metaspace       used 58488K, committed 59776K, reserved 1114112K
  class space    used 6412K, committed 6912K, reserved 1048576K
}
Event: 46.828 GC heap before
{Heap before GC invocations=39 (full 3):
 PSYoungGen      total 19968K, used 19456K [0x00000000d5580000, 0x00000000d6c80000, 0x0000000100000000)
  eden space 19456K, 100% used [0x00000000d5580000,0x00000000d6880000,0x00000000d6880000)
  from space 512K, 0% used [0x00000000d6880000,0x00000000d6880000,0x00000000d6900000)
  to   space 1536K, 0% used [0x00000000d6b00000,0x00000000d6b00000,0x00000000d6c80000)
 ParOldGen       total 68608K, used 41632K [0x0000000080000000, 0x0000000084300000, 0x00000000d5580000)
  object space 68608K, 60% used [0x0000000080000000,0x00000000828a81f8,0x0000000084300000)
 Metaspace       used 59626K, committed 60928K, reserved 1114112K
  class space    used 6525K, committed 7040K, reserved 1048576K
}
Event: 46.847 GC heap after
{Heap after GC invocations=39 (full 3):
 PSYoungGen      total 20480K, used 922K [0x00000000d5580000, 0x00000000d6c00000, 0x0000000100000000)
  eden space 19456K, 0% used [0x00000000d5580000,0x00000000d5580000,0x00000000d6880000)
  from space 1024K, 90% used [0x00000000d6b00000,0x00000000d6be68c8,0x00000000d6c00000)
  to   space 1536K, 0% used [0x00000000d6900000,0x00000000d6900000,0x00000000d6a80000)
 ParOldGen       total 68608K, used 41640K [0x0000000080000000, 0x0000000084300000, 0x00000000d5580000)
  object space 68608K, 60% used [0x0000000080000000,0x00000000828aa1f8,0x0000000084300000)
 Metaspace       used 59626K, committed 60928K, reserved 1114112K
  class space    used 6525K, committed 7040K, reserved 1048576K
}

