# JRE version: OpenJDK Runtime Environment (23.0.2+7) (build 23.0.2+7-58)
# Java VM: OpenJDK 64-Bit Server VM (23.0.2+7-58, mixed mode, sharing, tiered, compressed oops, compressed class ptrs, g1 gc, windows-amd64)
GC Precious Log:
 CardTable entry size: 512
 Card Set container configuration: InlinePtr #cards 5 size 8 Array Of Cards #cards 10 size 36 Howl #buckets 4 coarsen threshold 1843 Howl Bitmap #cards 512 size 80 coarsen threshold 460 Card regions per heap region 1 cards per card region 2048
 CPUs: 4 total, 4 available
 Memory: 3285M
 Large Page Support: Disabled
 NUMA Support: Disabled
 Compressed Oops: Enabled (32-bit)
 Heap Region Size: 1M
 Heap Min Capacity: 8M
 Heap Initial Capacity: 52M
 Heap Max Capacity: 822M
 Pre-touch: Disabled
 Parallel Workers: 4
 Concurrent Workers: 1
 Concurrent Refinement Workers: 4
 Periodic GC: Disabled
Heap:
 garbage-first heap   total reserved 841728K, committed 53248K, used 11758K [0x00000000cca00000, 0x0000000100000000)
  region size 1024K, 5 young (5120K), 2 survivors (2048K)
 Metaspace       used 16694K, committed 16960K, reserved 1114112K
  class space    used 2070K, committed 2176K, reserved 1048576K
GC Heap History (10 events):
Event: 1.475 GC heap before
{Heap before GC invocations=0 (full 0):
 garbage-first heap   total reserved 841728K, committed 53248K, used 14336K [0x00000000cca00000, 0x0000000100000000)
  region size 1024K, 14 young (14336K), 0 survivors (0K)
 Metaspace       used 3896K, committed 4032K, reserved 1114112K
  class space    used 424K, committed 512K, reserved 1048576K
}
Event: 1.492 GC heap after
{Heap after GC invocations=1 (full 0):
 garbage-first heap   total reserved 841728K, committed 53248K, used 3232K [0x00000000cca00000, 0x0000000100000000)
  region size 1024K, 2 young (2048K), 2 survivors (2048K)
 Metaspace       used 3896K, committed 4032K, reserved 1114112K
  class space    used 424K, committed 512K, reserved 1048576K
}
Event: 2.041 GC heap before
{Heap before GC invocations=1 (full 0):
 garbage-first heap   total reserved 841728K, committed 53248K, used 15520K [0x00000000cca00000, 0x0000000100000000)
  region size 1024K, 14 young (14336K), 2 survivors (2048K)
 Metaspace       used 5981K, committed 6144K, reserved 1114112K
  class space    used 739K, committed 832K, reserved 1048576K
}
Event: 2.047 GC heap after
{Heap after GC invocations=2 (full 0):
 garbage-first heap   total reserved 841728K, committed 53248K, used 4057K [0x00000000cca00000, 0x0000000100000000)
  region size 1024K, 1 young (1024K), 1 survivors (1024K)
 Metaspace       used 5981K, committed 6144K, reserved 1114112K
  class space    used 739K, committed 832K, reserved 1048576K
}
Event: 3.048 GC heap before
{Heap before GC invocations=2 (full 0):
 garbage-first heap   total reserved 841728K, committed 53248K, used 28633K [0x00000000cca00000, 0x0000000100000000)
  region size 1024K, 25 young (25600K), 1 survivors (1024K)
 Metaspace       used 9237K, committed 9408K, reserved 1114112K
  class space    used 1127K, committed 1216K, reserved 1048576K
}
Event: 3.055 GC heap after
{Heap after GC invocations=3 (full 0):
 garbage-first heap   total reserved 841728K, committed 53248K, used 5142K [0x00000000cca00000, 0x0000000100000000)
  region size 1024K, 2 young (2048K), 2 survivors (2048K)
 Metaspace       used 9237K, committed 9408K, reserved 1114112K
  class space    used 1127K, committed 1216K, reserved 1048576K
}
Event: 4.531 GC heap before
{Heap before GC invocations=3 (full 0):
 garbage-first heap   total reserved 841728K, committed 53248K, used 30742K [0x00000000cca00000, 0x0000000100000000)
  region size 1024K, 27 young (27648K), 2 survivors (2048K)
 Metaspace       used 14346K, committed 14592K, reserved 1114112K
  class space    used 1813K, committed 1920K, reserved 1048576K
}
Event: 4.546 GC heap after
{Heap after GC invocations=4 (full 0):
 garbage-first heap   total reserved 841728K, committed 53248K, used 7424K [0x00000000cca00000, 0x0000000100000000)
  region size 1024K, 4 young (4096K), 4 survivors (4096K)
 Metaspace       used 14346K, committed 14592K, reserved 1114112K
  class space    used 1813K, committed 1920K, reserved 1048576K
}
Event: 6.220 GC heap before
{Heap before GC invocations=4 (full 0):
 garbage-first heap   total reserved 841728K, committed 53248K, used 33024K [0x00000000cca00000, 0x0000000100000000)
  region size 1024K, 30 young (30720K), 4 survivors (4096K)
 Metaspace       used 16251K, committed 16512K, reserved 1114112K
  class space    used 2011K, committed 2112K, reserved 1048576K
}
Event: 6.243 GC heap after
{Heap after GC invocations=5 (full 0):
 garbage-first heap   total reserved 841728K, committed 53248K, used 9710K [0x00000000cca00000, 0x0000000100000000)
  region size 1024K, 2 young (2048K), 2 survivors (2048K)
 Metaspace       used 16251K, committed 16512K, reserved 1114112K
  class space    used 2011K, committed 2112K, reserved 1048576K
}

