# JRE version: OpenJDK Runtime Environment (23.0.2+7) (build 23.0.2+7-58)
# Java VM: OpenJDK 64-Bit Server VM (23.0.2+7-58, mixed mode, sharing, tiered, compressed oops, compressed class ptrs, g1 gc, windows-amd64)
GC Precious Log:
 CardTable entry size: 512
 Card Set container configuration: InlinePtr #cards 5 size 8 Array Of Cards #cards 10 size 36 Howl #buckets 4 coarsen threshold 1843 Howl Bitmap #cards 512 size 80 coarsen threshold 460 Card regions per heap region 1 cards per card region 2048
 CPUs: 4 total, 4 available
 Memory: 3285M
 Large Page Support: Disabled
 NUMA Support: Disabled
 Compressed Oops: Enabled (32-bit)
 Heap Region Size: 1M
 Heap Min Capacity: 8M
 Heap Initial Capacity: 52M
 Heap Max Capacity: 822M
 Pre-touch: Disabled
 Parallel Workers: 4
 Concurrent Workers: 1
 Concurrent Refinement Workers: 4
 Periodic GC: Disabled
Heap:
 garbage-first heap   total reserved 841728K, committed 53248K, used 24308K [0x00000000cca00000, 0x0000000100000000)
  region size 1024K, 22 young (22528K), 4 survivors (4096K)
 Metaspace       used 19636K, committed 19904K, reserved 1114112K
  class space    used 2626K, committed 2752K, reserved 1048576K
GC Heap History (6 events):
Event: 3.227 GC heap before
{Heap before GC invocations=0 (full 0):
 garbage-first heap   total reserved 841728K, committed 53248K, used 13312K [0x00000000cca00000, 0x0000000100000000)
  region size 1024K, 14 young (14336K), 0 survivors (0K)
 Metaspace       used 2225K, committed 2432K, reserved 1114112K
  class space    used 234K, committed 320K, reserved 1048576K
}
Event: 3.235 GC heap after
{Heap after GC invocations=1 (full 0):
 garbage-first heap   total reserved 841728K, committed 53248K, used 1898K [0x00000000cca00000, 0x0000000100000000)
  region size 1024K, 2 young (2048K), 2 survivors (2048K)
 Metaspace       used 2225K, committed 2432K, reserved 1114112K
  class space    used 234K, committed 320K, reserved 1048576K
}
Event: 8.382 GC heap before
{Heap before GC invocations=1 (full 0):
 garbage-first heap   total reserved 841728K, committed 53248K, used 15210K [0x00000000cca00000, 0x0000000100000000)
  region size 1024K, 16 young (16384K), 2 survivors (2048K)
 Metaspace       used 11265K, committed 11584K, reserved 1114112K
  class space    used 1346K, committed 1472K, reserved 1048576K
}
Event: 8.390 GC heap after
{Heap after GC invocations=2 (full 0):
 garbage-first heap   total reserved 841728K, committed 53248K, used 4950K [0x00000000cca00000, 0x0000000100000000)
  region size 1024K, 2 young (2048K), 2 survivors (2048K)
 Metaspace       used 11265K, committed 11584K, reserved 1114112K
  class space    used 1346K, committed 1472K, reserved 1048576K
}
Event: 12.597 GC heap before
{Heap before GC invocations=2 (full 0):
 garbage-first heap   total reserved 841728K, committed 53248K, used 28502K [0x00000000cca00000, 0x0000000100000000)
  region size 1024K, 26 young (26624K), 2 survivors (2048K)
 Metaspace       used 16560K, committed 16832K, reserved 1114112K
  class space    used 2219K, committed 2304K, reserved 1048576K
}
Event: 12.605 GC heap after
{Heap after GC invocations=3 (full 0):
 garbage-first heap   total reserved 841728K, committed 53248K, used 7924K [0x00000000cca00000, 0x0000000100000000)
  region size 1024K, 4 young (4096K), 4 survivors (4096K)
 Metaspace       used 16560K, committed 16832K, reserved 1114112K
  class space    used 2219K, committed 2304K, reserved 1048576K
}

