# JRE version: OpenJDK Runtime Environment Temurin-21.0.9+10 (21.0.9+10) (build 21.0.9+10-LTS)
# Java VM: OpenJDK 64-Bit Server VM Temurin-21.0.9+10 (21.0.9+10-LTS, mixed mode, sharing, tiered, compressed oops, compressed class ptrs, parallel gc, windows-amd64)
GC Precious Log:
 CardTable entry size: 512
 CPUs: 4 total, 4 available
 Memory: 3285M
 Large Page Support: Disabled
 NUMA Support: Disabled
 Compressed Oops: Enabled (32-bit)
 Alignments: Space 512K, Generation 512K, Heap 2M
 Heap Min Capacity: 100M
 Heap Initial Capacity: 100M
 Heap Max Capacity: 2G
 Pre-touch: Disabled
 Parallel Workers: 4
Heap:
 PSYoungGen      total 3072K, used 1592K [0x00000000d5580000, 0x00000000d5980000, 0x0000000100000000)
  eden space 2048K, 28% used [0x00000000d5580000,0x00000000d5612808,0x00000000d5780000)
  from space 1024K, 98% used [0x00000000d5780000,0x00000000d587bbc0,0x00000000d5880000)
  to   space 512K, 0% used [0x00000000d5880000,0x00000000d5880000,0x00000000d5900000)
 ParOldGen       total 624128K, used 623919K [0x0000000080000000, 0x00000000a6180000, 0x00000000d5580000)
  object space 624128K, 99% used [0x0000000080000000,0x00000000a614bec8,0x00000000a6180000)
 Metaspace       used 84282K, committed 86016K, reserved 1179648K
  class space    used 8294K, committed 9088K, reserved 1048576K
GC Heap History (20 events):
Event: 22583.748 GC heap before
{Heap before GC invocations=950 (full 4):
 PSYoungGen      total 3072K, used 2464K [0x00000000d5580000, 0x00000000d5980000, 0x0000000100000000)
  eden space 2048K, 100% used [0x00000000d5580000,0x00000000d5780000,0x00000000d5780000)
  from space 1024K, 40% used [0x00000000d5780000,0x00000000d57e8000,0x00000000d5880000)
  to   space 1024K, 0% used [0x00000000d5880000,0x00000000d5880000,0x00000000d5980000)
 ParOldGen       total 619008K, used 618733K [0x0000000080000000, 0x00000000a5c80000, 0x00000000d5580000)
  object space 619008K, 99% used [0x0000000080000000,0x00000000a5c3b598,0x00000000a5c80000)
 Metaspace       used 84232K, committed 85952K, reserved 1179648K
  class space    used 8293K, committed 9088K, reserved 1048576K
}
Event: 22583.752 GC heap after
{Heap after GC invocations=950 (full 4):
 PSYoungGen      total 3072K, used 625K [0x00000000d5580000, 0x00000000d5980000, 0x0000000100000000)
  eden space 2048K, 0% used [0x00000000d5580000,0x00000000d5580000,0x00000000d5780000)
  from space 1024K, 61% used [0x00000000d5880000,0x00000000d591c7b8,0x00000000d5980000)
  to   space 1024K, 0% used [0x00000000d5780000,0x00000000d5780000,0x00000000d5880000)
 ParOldGen       total 619520K, used 619085K [0x0000000080000000, 0x00000000a5d00000, 0x00000000d5580000)
  object space 619520K, 99% used [0x0000000080000000,0x00000000a5c93598,0x00000000a5d00000)
 Metaspace       used 84232K, committed 85952K, reserved 1179648K
  class space    used 8293K, committed 9088K, reserved 1048576K
}
Event: 22583.939 GC heap before
{Heap before GC invocations=951 (full 4):
 PSYoungGen      total 3072K, used 2673K [0x00000000d5580000, 0x00000000d5980000, 0x0000000100000000)
  eden space 2048K, 100% used [0x00000000d5580000,0x00000000d5780000,0x00000000d5780000)
  from space 1024K, 61% used [0x00000000d5880000,0x00000000d591c7b8,0x00000000d5980000)
  to   space 1024K, 0% used [0x00000000d5780000,0x00000000d5780000,0x00000000d5880000)
 ParOldGen       total 619520K, used 619085K [0x0000000080000000, 0x00000000a5d00000, 0x00000000d5580000)
  object space 619520K, 99% used [0x0000000080000000,0x00000000a5c93598,0x00000000a5d00000)
 Metaspace       used 84233K, committed 85952K, reserved 1179648K
  class space    used 8293K, committed 9088K, reserved 1048576K
}
Event: 22583.948 GC heap after
{Heap after GC invocations=951 (full 4):
 PSYoungGen      total 3072K, used 448K [0x00000000d5580000, 0x00000000d5980000, 0x0000000100000000)
  eden space 2048K, 0% used [0x00000000d5580000,0x00000000d5580000,0x00000000d5780000)
  from space 1024K, 43% used [0x00000000d5780000,0x00000000d57f0000,0x00000000d5880000)
  to   space 1024K, 0% used [0x00000000d5880000,0x00000000d5880000,0x00000000d5980000)
 ParOldGen       total 620032K, used 619689K [0x0000000080000000, 0x00000000a5d80000, 0x00000000d5580000)
  object space 620032K, 99% used [0x0000000080000000,0x00000000a5d2a790,0x00000000a5d80000)
 Metaspace       used 84233K, committed 85952K, reserved 1179648K
  class space    used 8293K, committed 9088K, reserved 1048576K
}
Event: 22584.399 GC heap before
{Heap before GC invocations=952 (full 4):
 PSYoungGen      total 3072K, used 2496K [0x00000000d5580000, 0x00000000d5980000, 0x0000000100000000)
  eden space 2048K, 100% used [0x00000000d5580000,0x00000000d5780000,0x00000000d5780000)
  from space 1024K, 43% used [0x00000000d5780000,0x00000000d57f0000,0x00000000d5880000)
  to   space 1024K, 0% used [0x00000000d5880000,0x00000000d5880000,0x00000000d5980000)
 ParOldGen       total 620032K, used 619689K [0x0000000080000000, 0x00000000a5d80000, 0x00000000d5580000)
  object space 620032K, 99% used [0x0000000080000000,0x00000000a5d2a790,0x00000000a5d80000)
 Metaspace       used 84234K, committed 85952K, reserved 1179648K
  class space    used 8293K, committed 9088K, reserved 1048576K
}
Event: 22584.408 GC heap after
{Heap after GC invocations=952 (full 4):
 PSYoungGen      total 3072K, used 544K [0x00000000d5580000, 0x00000000d5980000, 0x0000000100000000)
  eden space 2048K, 0% used [0x00000000d5580000,0x00000000d5580000,0x00000000d5780000)
  from space 1024K, 53% used [0x00000000d5880000,0x00000000d5908000,0x00000000d5980000)
  to   space 1024K, 0% used [0x00000000d5780000,0x00000000d5780000,0x00000000d5880000)
 ParOldGen       total 620544K, used 620079K [0x0000000080000000, 0x00000000a5e00000, 0x00000000d5580000)
  object space 620544K, 99% used [0x0000000080000000,0x00000000a5d8bfd0,0x00000000a5e00000)
 Metaspace       used 84234K, committed 85952K, reserved 1179648K
  class space    used 8293K, committed 9088K, reserved 1048576K
}
Event: 22584.437 GC heap before
{Heap before GC invocations=953 (full 4):
 PSYoungGen      total 3072K, used 2586K [0x00000000d5580000, 0x00000000d5980000, 0x0000000100000000)
  eden space 2048K, 99% used [0x00000000d5580000,0x00000000d577e9c0,0x00000000d5780000)
  from space 1024K, 53% used [0x00000000d5880000,0x00000000d5908000,0x00000000d5980000)
  to   space 1024K, 0% used [0x00000000d5780000,0x00000000d5780000,0x00000000d5880000)
 ParOldGen       total 620544K, used 620079K [0x0000000080000000, 0x00000000a5e00000, 0x00000000d5580000)
  object space 620544K, 99% used [0x0000000080000000,0x00000000a5d8bfd0,0x00000000a5e00000)
 Metaspace       used 84234K, committed 85952K, reserved 1179648K
  class space    used 8293K, committed 9088K, reserved 1048576K
}
Event: 22584.447 GC heap after
{Heap after GC invocations=953 (full 4):
 PSYoungGen      total 3072K, used 712K [0x00000000d5580000, 0x00000000d5980000, 0x0000000100000000)
  eden space 2048K, 0% used [0x00000000d5580000,0x00000000d5580000,0x00000000d5780000)
  from space 1024K, 69% used [0x00000000d5780000,0x00000000d58320c8,0x00000000d5880000)
  to   space 1024K, 0% used [0x00000000d5880000,0x00000000d5880000,0x00000000d5980000)
 ParOldGen       total 621056K, used 620560K [0x0000000080000000, 0x00000000a5e80000, 0x00000000d5580000)
  object space 621056K, 99% used [0x0000000080000000,0x00000000a5e04150,0x00000000a5e80000)
 Metaspace       used 84234K, committed 85952K, reserved 1179648K
  class space    used 8293K, committed 9088K, reserved 1048576K
}
Event: 22584.467 GC heap before
{Heap before GC invocations=954 (full 4):
 PSYoungGen      total 3072K, used 2760K [0x00000000d5580000, 0x00000000d5980000, 0x0000000100000000)
  eden space 2048K, 100% used [0x00000000d5580000,0x00000000d5780000,0x00000000d5780000)
  from space 1024K, 69% used [0x00000000d5780000,0x00000000d58320c8,0x00000000d5880000)
  to   space 1024K, 0% used [0x00000000d5880000,0x00000000d5880000,0x00000000d5980000)
 ParOldGen       total 621056K, used 620560K [0x0000000080000000, 0x00000000a5e80000, 0x00000000d5580000)
  object space 621056K, 99% used [0x0000000080000000,0x00000000a5e04150,0x00000000a5e80000)
 Metaspace       used 84237K, committed 86016K, reserved 1179648K
  class space    used 8293K, committed 9088K, reserved 1048576K
}
Event: 22584.473 GC heap after
{Heap after GC invocations=954 (full 4):
 PSYoungGen      total 3072K, used 720K [0x00000000d5580000, 0x00000000d5980000, 0x0000000100000000)
  eden space 2048K, 0% used [0x00000000d5580000,0x00000000d5580000,0x00000000d5780000)
  from space 1024K, 70% used [0x00000000d5880000,0x00000000d5934010,0x00000000d5980000)
  to   space 1024K, 0% used [0x00000000d5780000,0x00000000d5780000,0x00000000d5880000)
 ParOldGen       total 621568K, used 621183K [0x0000000080000000, 0x00000000a5f00000, 0x00000000d5580000)
  object space 621568K, 99% used [0x0000000080000000,0x00000000a5e9fda8,0x00000000a5f00000)
 Metaspace       used 84237K, committed 86016K, reserved 1179648K
  class space    used 8293K, committed 9088K, reserved 1048576K
}
Event: 22584.506 GC heap before
{Heap before GC invocations=955 (full 4):
 PSYoungGen      total 3072K, used 2768K [0x00000000d5580000, 0x00000000d5980000, 0x0000000100000000)
  eden space 2048K, 100% used [0x00000000d5580000,0x00000000d5780000,0x00000000d5780000)
  from space 1024K, 70% used [0x00000000d5880000,0x00000000d5934010,0x00000000d5980000)
  to   space 1024K, 0% used [0x00000000d5780000,0x00000000d5780000,0x00000000d5880000)
 ParOldGen       total 621568K, used 621183K [0x0000000080000000, 0x00000000a5f00000, 0x00000000d5580000)
  object space 621568K, 99% used [0x0000000080000000,0x00000000a5e9fda8,0x00000000a5f00000)
 Metaspace       used 84237K, committed 86016K, reserved 1179648K
  class space    used 8293K, committed 9088K, reserved 1048576K
}
Event: 22584.512 GC heap after
{Heap after GC invocations=955 (full 4):
 PSYoungGen      total 3072K, used 640K [0x00000000d5580000, 0x00000000d5980000, 0x0000000100000000)
  eden space 2048K, 0% used [0x00000000d5580000,0x00000000d5580000,0x00000000d5780000)
  from space 1024K, 62% used [0x00000000d5780000,0x00000000d5820000,0x00000000d5880000)
  to   space 1024K, 0% used [0x00000000d5880000,0x00000000d5880000,0x00000000d5980000)
 ParOldGen       total 622080K, used 621845K [0x0000000080000000, 0x00000000a5f80000, 0x00000000d5580000)
  object space 622080K, 99% used [0x0000000080000000,0x00000000a5f45518,0x00000000a5f80000)
 Metaspace       used 84237K, committed 86016K, reserved 1179648K
  class space    used 8293K, committed 9088K, reserved 1048576K
}
Event: 22584.614 GC heap before
{Heap before GC invocations=956 (full 4):
 PSYoungGen      total 3072K, used 2688K [0x00000000d5580000, 0x00000000d5980000, 0x0000000100000000)
  eden space 2048K, 100% used [0x00000000d5580000,0x00000000d5780000,0x00000000d5780000)
  from space 1024K, 62% used [0x00000000d5780000,0x00000000d5820000,0x00000000d5880000)
  to   space 1024K, 0% used [0x00000000d5880000,0x00000000d5880000,0x00000000d5980000)
 ParOldGen       total 622080K, used 621845K [0x0000000080000000, 0x00000000a5f80000, 0x00000000d5580000)
  object space 622080K, 99% used [0x0000000080000000,0x00000000a5f45518,0x00000000a5f80000)
 Metaspace       used 84237K, committed 86016K, reserved 1179648K
  class space    used 8293K, committed 9088K, reserved 1048576K
}
Event: 22584.622 GC heap after
{Heap after GC invocations=956 (full 4):
 PSYoungGen      total 3072K, used 608K [0x00000000d5580000, 0x00000000d5980000, 0x0000000100000000)
  eden space 2048K, 0% used [0x00000000d5580000,0x00000000d5580000,0x00000000d5780000)
  from space 1024K, 59% used [0x00000000d5880000,0x00000000d5918000,0x00000000d5980000)
  to   space 1024K, 0% used [0x00000000d5780000,0x00000000d5780000,0x00000000d5880000)
 ParOldGen       total 622592K, used 622429K [0x0000000080000000, 0x00000000a6000000, 0x00000000d5580000)
  object space 622592K, 99% used [0x0000000080000000,0x00000000a5fd7528,0x00000000a6000000)
 Metaspace       used 84237K, committed 86016K, reserved 1179648K
  class space    used 8293K, committed 9088K, reserved 1048576K
}
Event: 22584.781 GC heap before
{Heap before GC invocations=957 (full 4):
 PSYoungGen      total 3072K, used 2656K [0x00000000d5580000, 0x00000000d5980000, 0x0000000100000000)
  eden space 2048K, 100% used [0x00000000d5580000,0x00000000d5780000,0x00000000d5780000)
  from space 1024K, 59% used [0x00000000d5880000,0x00000000d5918000,0x00000000d5980000)
  to   space 1024K, 0% used [0x00000000d5780000,0x00000000d5780000,0x00000000d5880000)
 ParOldGen       total 622592K, used 622429K [0x0000000080000000, 0x00000000a6000000, 0x00000000d5580000)
  object space 622592K, 99% used [0x0000000080000000,0x00000000a5fd7528,0x00000000a6000000)
 Metaspace       used 84240K, committed 86016K, reserved 1179648K
  class space    used 8293K, committed 9088K, reserved 1048576K
}
Event: 22584.798 GC heap after
{Heap after GC invocations=957 (full 4):
 PSYoungGen      total 3072K, used 416K [0x00000000d5580000, 0x00000000d5900000, 0x0000000100000000)
  eden space 2048K, 0% used [0x00000000d5580000,0x00000000d5580000,0x00000000d5780000)
  from space 1024K, 40% used [0x00000000d5780000,0x00000000d57e8000,0x00000000d5880000)
  to   space 512K, 0% used [0x00000000d5880000,0x00000000d5880000,0x00000000d5900000)
 ParOldGen       total 623104K, used 623037K [0x0000000080000000, 0x00000000a6080000, 0x00000000d5580000)
  object space 623104K, 99% used [0x0000000080000000,0x00000000a606f6a8,0x00000000a6080000)
 Metaspace       used 84240K, committed 86016K, reserved 1179648K
  class space    used 8293K, committed 9088K, reserved 1048576K
}
Event: 22585.154 GC heap before
{Heap before GC invocations=958 (full 4):
 PSYoungGen      total 3072K, used 2464K [0x00000000d5580000, 0x00000000d5900000, 0x0000000100000000)
  eden space 2048K, 100% used [0x00000000d5580000,0x00000000d5780000,0x00000000d5780000)
  from space 1024K, 40% used [0x00000000d5780000,0x00000000d57e8000,0x00000000d5880000)
  to   space 512K, 0% used [0x00000000d5880000,0x00000000d5880000,0x00000000d5900000)
 ParOldGen       total 623104K, used 623037K [0x0000000080000000, 0x00000000a6080000, 0x00000000d5580000)
  object space 623104K, 99% used [0x0000000080000000,0x00000000a606f6a8,0x00000000a6080000)
 Metaspace       used 84246K, committed 86016K, reserved 1179648K
  class space    used 8293K, committed 9088K, reserved 1048576K
}
Event: 22585.164 GC heap after
{Heap after GC invocations=958 (full 4):
 PSYoungGen      total 2560K, used 512K [0x00000000d5580000, 0x00000000d5980000, 0x0000000100000000)
  eden space 2048K, 0% used [0x00000000d5580000,0x00000000d5580000,0x00000000d5780000)
  from space 512K, 100% used [0x00000000d5880000,0x00000000d5900000,0x00000000d5900000)
  to   space 1024K, 0% used [0x00000000d5780000,0x00000000d5780000,0x00000000d5880000)
 ParOldGen       total 623616K, used 623453K [0x0000000080000000, 0x00000000a6100000, 0x00000000d5580000)
  object space 623616K, 99% used [0x0000000080000000,0x00000000a60d76a8,0x00000000a6100000)
 Metaspace       used 84246K, committed 86016K, reserved 1179648K
  class space    used 8293K, committed 9088K, reserved 1048576K
}
Event: 22585.726 GC heap before
{Heap before GC invocations=959 (full 4):
 PSYoungGen      total 2560K, used 2560K [0x00000000d5580000, 0x00000000d5980000, 0x0000000100000000)
  eden space 2048K, 100% used [0x00000000d5580000,0x00000000d5780000,0x00000000d5780000)
  from space 512K, 100% used [0x00000000d5880000,0x00000000d5900000,0x00000000d5900000)
  to   space 1024K, 0% used [0x00000000d5780000,0x00000000d5780000,0x00000000d5880000)
 ParOldGen       total 623616K, used 623453K [0x0000000080000000, 0x00000000a6100000, 0x00000000d5580000)
  object space 623616K, 99% used [0x0000000080000000,0x00000000a60d76a8,0x00000000a6100000)
 Metaspace       used 84271K, committed 86016K, reserved 1179648K
  class space    used 8294K, committed 9088K, reserved 1048576K
}
Event: 22585.738 GC heap after
{Heap after GC invocations=959 (full 4):
 PSYoungGen      total 3072K, used 1006K [0x00000000d5580000, 0x00000000d5980000, 0x0000000100000000)
  eden space 2048K, 0% used [0x00000000d5580000,0x00000000d5580000,0x00000000d5780000)
  from space 1024K, 98% used [0x00000000d5780000,0x00000000d587bbc0,0x00000000d5880000)
  to   space 512K, 0% used [0x00000000d5880000,0x00000000d5880000,0x00000000d5900000)
 ParOldGen       total 624128K, used 623919K [0x0000000080000000, 0x00000000a6180000, 0x00000000d5580000)
  object space 624128K, 99% used [0x0000000080000000,0x00000000a614bec8,0x00000000a6180000)
 Metaspace       used 84271K, committed 86016K, reserved 1179648K
  class space    used 8294K, committed 9088K, reserved 1048576K
}

