# JRE version: OpenJDK Runtime Environment Temurin-21.0.9+10 (21.0.9+10) (build 21.0.9+10-LTS)
# Java VM: OpenJDK 64-Bit Server VM Temurin-21.0.9+10 (21.0.9+10-LTS, mixed mode, sharing, tiered, compressed oops, compressed class ptrs, parallel gc, windows-amd64)
GC Precious Log:
 CardTable entry size: 512
 CPUs: 4 total, 4 available
 Memory: 3285M
 Large Page Support: Disabled
 NUMA Support: Disabled
 Compressed Oops: Enabled (32-bit)
 Alignments: Space 512K, Generation 512K, Heap 2M
 Heap Min Capacity: 100M
 Heap Initial Capacity: 100M
 Heap Max Capacity: 2G
 Pre-touch: Disabled
 Parallel Workers: 4
Heap:
 PSYoungGen      total 2560K, used 353K [0x00000000d5580000, 0x00000000d5900000, 0x0000000100000000)
  eden space 2048K, 11% used [0x00000000d5580000,0x00000000d55b8718,0x00000000d5780000)
  from space 512K, 25% used [0x00000000d5800000,0x00000000d5820000,0x00000000d5880000)
  to   space 512K, 0% used [0x00000000d5880000,0x00000000d5880000,0x00000000d5900000)
 ParOldGen       total 563200K, used 420903K [0x0000000080000000, 0x00000000a2600000, 0x00000000d5580000)
  object space 563200K, 74% used [0x0000000080000000,0x0000000099b09f88,0x00000000a2600000)
 Metaspace       used 87857K, committed 89664K, reserved 1179648K
  class space    used 8999K, committed 9728K, reserved 1048576K
GC Heap History (20 events):
Event: 1010.112 GC heap before
{Heap before GC invocations=1318 (full 4):
 PSYoungGen      total 2560K, used 2240K [0x00000000d5580000, 0x00000000d5900000, 0x0000000100000000)
  eden space 2048K, 100% used [0x00000000d5580000,0x00000000d5780000,0x00000000d5780000)
  from space 512K, 37% used [0x00000000d5800000,0x00000000d5830000,0x00000000d5880000)
  to   space 512K, 0% used [0x00000000d5880000,0x00000000d5880000,0x00000000d5900000)
 ParOldGen       total 563200K, used 419047K [0x0000000080000000, 0x00000000a2600000, 0x00000000d5580000)
  object space 563200K, 74% used [0x0000000080000000,0x0000000099939f88,0x00000000a2600000)
 Metaspace       used 87501K, committed 89280K, reserved 1179648K
  class space    used 8977K, committed 9664K, reserved 1048576K
}
Event: 1010.116 GC heap after
{Heap after GC invocations=1318 (full 4):
 PSYoungGen      total 2560K, used 128K [0x00000000d5580000, 0x00000000d5900000, 0x0000000100000000)
  eden space 2048K, 0% used [0x00000000d5580000,0x00000000d5580000,0x00000000d5780000)
  from space 512K, 25% used [0x00000000d5880000,0x00000000d58a0000,0x00000000d5900000)
  to   space 512K, 0% used [0x00000000d5800000,0x00000000d5800000,0x00000000d5880000)
 ParOldGen       total 563200K, used 419175K [0x0000000080000000, 0x00000000a2600000, 0x00000000d5580000)
  object space 563200K, 74% used [0x0000000080000000,0x0000000099959f88,0x00000000a2600000)
 Metaspace       used 87501K, committed 89280K, reserved 1179648K
  class space    used 8977K, committed 9664K, reserved 1048576K
}
Event: 1010.157 GC heap before
{Heap before GC invocations=1319 (full 4):
 PSYoungGen      total 2560K, used 2164K [0x00000000d5580000, 0x00000000d5900000, 0x0000000100000000)
  eden space 2048K, 99% used [0x00000000d5580000,0x00000000d577d058,0x00000000d5780000)
  from space 512K, 25% used [0x00000000d5880000,0x00000000d58a0000,0x00000000d5900000)
  to   space 512K, 0% used [0x00000000d5800000,0x00000000d5800000,0x00000000d5880000)
 ParOldGen       total 563200K, used 419175K [0x0000000080000000, 0x00000000a2600000, 0x00000000d5580000)
  object space 563200K, 74% used [0x0000000080000000,0x0000000099959f88,0x00000000a2600000)
 Metaspace       used 87501K, committed 89280K, reserved 1179648K
  class space    used 8977K, committed 9664K, reserved 1048576K
}
Event: 1010.161 GC heap after
{Heap after GC invocations=1319 (full 4):
 PSYoungGen      total 2560K, used 297K [0x00000000d5580000, 0x00000000d5900000, 0x0000000100000000)
  eden space 2048K, 0% used [0x00000000d5580000,0x00000000d5580000,0x00000000d5780000)
  from space 512K, 58% used [0x00000000d5800000,0x00000000d584a670,0x00000000d5880000)
  to   space 512K, 0% used [0x00000000d5880000,0x00000000d5880000,0x00000000d5900000)
 ParOldGen       total 563200K, used 419255K [0x0000000080000000, 0x00000000a2600000, 0x00000000d5580000)
  object space 563200K, 74% used [0x0000000080000000,0x000000009996df88,0x00000000a2600000)
 Metaspace       used 87501K, committed 89280K, reserved 1179648K
  class space    used 8977K, committed 9664K, reserved 1048576K
}
Event: 1010.481 GC heap before
{Heap before GC invocations=1320 (full 4):
 PSYoungGen      total 2560K, used 2345K [0x00000000d5580000, 0x00000000d5900000, 0x0000000100000000)
  eden space 2048K, 100% used [0x00000000d5580000,0x00000000d5780000,0x00000000d5780000)
  from space 512K, 58% used [0x00000000d5800000,0x00000000d584a670,0x00000000d5880000)
  to   space 512K, 0% used [0x00000000d5880000,0x00000000d5880000,0x00000000d5900000)
 ParOldGen       total 563200K, used 419255K [0x0000000080000000, 0x00000000a2600000, 0x00000000d5580000)
  object space 563200K, 74% used [0x0000000080000000,0x000000009996df88,0x00000000a2600000)
 Metaspace       used 87536K, committed 89280K, reserved 1179648K
  class space    used 8977K, committed 9664K, reserved 1048576K
}
Event: 1010.487 GC heap after
{Heap after GC invocations=1320 (full 4):
 PSYoungGen      total 2560K, used 224K [0x00000000d5580000, 0x00000000d5900000, 0x0000000100000000)
  eden space 2048K, 0% used [0x00000000d5580000,0x00000000d5580000,0x00000000d5780000)
  from space 512K, 43% used [0x00000000d5880000,0x00000000d58b8000,0x00000000d5900000)
  to   space 512K, 0% used [0x00000000d5800000,0x00000000d5800000,0x00000000d5880000)
 ParOldGen       total 563200K, used 419271K [0x0000000080000000, 0x00000000a2600000, 0x00000000d5580000)
  object space 563200K, 74% used [0x0000000080000000,0x0000000099971f88,0x00000000a2600000)
 Metaspace       used 87536K, committed 89280K, reserved 1179648K
  class space    used 8977K, committed 9664K, reserved 1048576K
}
Event: 1010.515 GC heap before
{Heap before GC invocations=1321 (full 4):
 PSYoungGen      total 2560K, used 2272K [0x00000000d5580000, 0x00000000d5900000, 0x0000000100000000)
  eden space 2048K, 100% used [0x00000000d5580000,0x00000000d5780000,0x00000000d5780000)
  from space 512K, 43% used [0x00000000d5880000,0x00000000d58b8000,0x00000000d5900000)
  to   space 512K, 0% used [0x00000000d5800000,0x00000000d5800000,0x00000000d5880000)
 ParOldGen       total 563200K, used 419271K [0x0000000080000000, 0x00000000a2600000, 0x00000000d5580000)
  object space 563200K, 74% used [0x0000000080000000,0x0000000099971f88,0x00000000a2600000)
 Metaspace       used 87537K, committed 89280K, reserved 1179648K
  class space    used 8977K, committed 9664K, reserved 1048576K
}
Event: 1010.520 GC heap after
{Heap after GC invocations=1321 (full 4):
 PSYoungGen      total 2560K, used 384K [0x00000000d5580000, 0x00000000d5900000, 0x0000000100000000)
  eden space 2048K, 0% used [0x00000000d5580000,0x00000000d5580000,0x00000000d5780000)
  from space 512K, 75% used [0x00000000d5800000,0x00000000d5860000,0x00000000d5880000)
  to   space 512K, 0% used [0x00000000d5880000,0x00000000d5880000,0x00000000d5900000)
 ParOldGen       total 563200K, used 419399K [0x0000000080000000, 0x00000000a2600000, 0x00000000d5580000)
  object space 563200K, 74% used [0x0000000080000000,0x0000000099991f88,0x00000000a2600000)
 Metaspace       used 87537K, committed 89280K, reserved 1179648K
  class space    used 8977K, committed 9664K, reserved 1048576K
}
Event: 1010.555 GC heap before
{Heap before GC invocations=1322 (full 4):
 PSYoungGen      total 2560K, used 2429K [0x00000000d5580000, 0x00000000d5900000, 0x0000000100000000)
  eden space 2048K, 99% used [0x00000000d5580000,0x00000000d577f658,0x00000000d5780000)
  from space 512K, 75% used [0x00000000d5800000,0x00000000d5860000,0x00000000d5880000)
  to   space 512K, 0% used [0x00000000d5880000,0x00000000d5880000,0x00000000d5900000)
 ParOldGen       total 563200K, used 419399K [0x0000000080000000, 0x00000000a2600000, 0x00000000d5580000)
  object space 563200K, 74% used [0x0000000080000000,0x0000000099991f88,0x00000000a2600000)
 Metaspace       used 87541K, committed 89280K, reserved 1179648K
  class space    used 8977K, committed 9664K, reserved 1048576K
}
Event: 1010.563 GC heap after
{Heap after GC invocations=1322 (full 4):
 PSYoungGen      total 2560K, used 352K [0x00000000d5580000, 0x00000000d5900000, 0x0000000100000000)
  eden space 2048K, 0% used [0x00000000d5580000,0x00000000d5580000,0x00000000d5780000)
  from space 512K, 68% used [0x00000000d5880000,0x00000000d58d8040,0x00000000d5900000)
  to   space 512K, 0% used [0x00000000d5800000,0x00000000d5800000,0x00000000d5880000)
 ParOldGen       total 563200K, used 419695K [0x0000000080000000, 0x00000000a2600000, 0x00000000d5580000)
  object space 563200K, 74% used [0x0000000080000000,0x00000000999dbf88,0x00000000a2600000)
 Metaspace       used 87541K, committed 89280K, reserved 1179648K
  class space    used 8977K, committed 9664K, reserved 1048576K
}
Event: 1010.580 GC heap before
{Heap before GC invocations=1323 (full 4):
 PSYoungGen      total 2560K, used 2400K [0x00000000d5580000, 0x00000000d5900000, 0x0000000100000000)
  eden space 2048K, 100% used [0x00000000d5580000,0x00000000d5780000,0x00000000d5780000)
  from space 512K, 68% used [0x00000000d5880000,0x00000000d58d8040,0x00000000d5900000)
  to   space 512K, 0% used [0x00000000d5800000,0x00000000d5800000,0x00000000d5880000)
 ParOldGen       total 563200K, used 419695K [0x0000000080000000, 0x00000000a2600000, 0x00000000d5580000)
  object space 563200K, 74% used [0x0000000080000000,0x00000000999dbf88,0x00000000a2600000)
 Metaspace       used 87542K, committed 89280K, reserved 1179648K
  class space    used 8977K, committed 9664K, reserved 1048576K
}
Event: 1010.588 GC heap after
{Heap after GC invocations=1323 (full 4):
 PSYoungGen      total 2560K, used 512K [0x00000000d5580000, 0x00000000d5980000, 0x0000000100000000)
  eden space 2048K, 0% used [0x00000000d5580000,0x00000000d5580000,0x00000000d5780000)
  from space 512K, 100% used [0x00000000d5800000,0x00000000d5880000,0x00000000d5880000)
  to   space 1024K, 0% used [0x00000000d5880000,0x00000000d5880000,0x00000000d5980000)
 ParOldGen       total 563200K, used 419903K [0x0000000080000000, 0x00000000a2600000, 0x00000000d5580000)
  object space 563200K, 74% used [0x0000000080000000,0x0000000099a0ff88,0x00000000a2600000)
 Metaspace       used 87542K, committed 89280K, reserved 1179648K
  class space    used 8977K, committed 9664K, reserved 1048576K
}
Event: 1010.706 GC heap before
{Heap before GC invocations=1324 (full 4):
 PSYoungGen      total 2560K, used 2560K [0x00000000d5580000, 0x00000000d5980000, 0x0000000100000000)
  eden space 2048K, 100% used [0x00000000d5580000,0x00000000d5780000,0x00000000d5780000)
  from space 512K, 100% used [0x00000000d5800000,0x00000000d5880000,0x00000000d5880000)
  to   space 1024K, 0% used [0x00000000d5880000,0x00000000d5880000,0x00000000d5980000)
 ParOldGen       total 563200K, used 419903K [0x0000000080000000, 0x00000000a2600000, 0x00000000d5580000)
  object space 563200K, 74% used [0x0000000080000000,0x0000000099a0ff88,0x00000000a2600000)
 Metaspace       used 87561K, committed 89344K, reserved 1179648K
  class space    used 8978K, committed 9664K, reserved 1048576K
}
Event: 1010.713 GC heap after
{Heap after GC invocations=1324 (full 4):
 PSYoungGen      total 2560K, used 320K [0x00000000d5580000, 0x00000000d5900000, 0x0000000100000000)
  eden space 2048K, 0% used [0x00000000d5580000,0x00000000d5580000,0x00000000d5780000)
  from space 512K, 62% used [0x00000000d5880000,0x00000000d58d0000,0x00000000d5900000)
  to   space 512K, 0% used [0x00000000d5800000,0x00000000d5800000,0x00000000d5880000)
 ParOldGen       total 563200K, used 420391K [0x0000000080000000, 0x00000000a2600000, 0x00000000d5580000)
  object space 563200K, 74% used [0x0000000080000000,0x0000000099a89f88,0x00000000a2600000)
 Metaspace       used 87561K, committed 89344K, reserved 1179648K
  class space    used 8978K, committed 9664K, reserved 1048576K
}
Event: 1010.894 GC heap before
{Heap before GC invocations=1325 (full 4):
 PSYoungGen      total 2560K, used 2368K [0x00000000d5580000, 0x00000000d5900000, 0x0000000100000000)
  eden space 2048K, 100% used [0x00000000d5580000,0x00000000d5780000,0x00000000d5780000)
  from space 512K, 62% used [0x00000000d5880000,0x00000000d58d0000,0x00000000d5900000)
  to   space 512K, 0% used [0x00000000d5800000,0x00000000d5800000,0x00000000d5880000)
 ParOldGen       total 563200K, used 420391K [0x0000000080000000, 0x00000000a2600000, 0x00000000d5580000)
  object space 563200K, 74% used [0x0000000080000000,0x0000000099a89f88,0x00000000a2600000)
 Metaspace       used 87649K, committed 89472K, reserved 1179648K
  class space    used 8989K, committed 9728K, reserved 1048576K
}
Event: 1010.898 GC heap after
{Heap after GC invocations=1325 (full 4):
 PSYoungGen      total 2560K, used 160K [0x00000000d5580000, 0x00000000d5900000, 0x0000000100000000)
  eden space 2048K, 0% used [0x00000000d5580000,0x00000000d5580000,0x00000000d5780000)
  from space 512K, 31% used [0x00000000d5800000,0x00000000d5828000,0x00000000d5880000)
  to   space 512K, 0% used [0x00000000d5880000,0x00000000d5880000,0x00000000d5900000)
 ParOldGen       total 563200K, used 420639K [0x0000000080000000, 0x00000000a2600000, 0x00000000d5580000)
  object space 563200K, 74% used [0x0000000080000000,0x0000000099ac7f98,0x00000000a2600000)
 Metaspace       used 87649K, committed 89472K, reserved 1179648K
  class space    used 8989K, committed 9728K, reserved 1048576K
}
Event: 1011.047 GC heap before
{Heap before GC invocations=1326 (full 4):
 PSYoungGen      total 2560K, used 2208K [0x00000000d5580000, 0x00000000d5900000, 0x0000000100000000)
  eden space 2048K, 100% used [0x00000000d5580000,0x00000000d5780000,0x00000000d5780000)
  from space 512K, 31% used [0x00000000d5800000,0x00000000d5828000,0x00000000d5880000)
  to   space 512K, 0% used [0x00000000d5880000,0x00000000d5880000,0x00000000d5900000)
 ParOldGen       total 563200K, used 420639K [0x0000000080000000, 0x00000000a2600000, 0x00000000d5580000)
  object space 563200K, 74% used [0x0000000080000000,0x0000000099ac7f98,0x00000000a2600000)
 Metaspace       used 87818K, committed 89600K, reserved 1179648K
  class space    used 8999K, committed 9728K, reserved 1048576K
}
Event: 1011.052 GC heap after
{Heap after GC invocations=1326 (full 4):
 PSYoungGen      total 2560K, used 250K [0x00000000d5580000, 0x00000000d5900000, 0x0000000100000000)
  eden space 2048K, 0% used [0x00000000d5580000,0x00000000d5580000,0x00000000d5780000)
  from space 512K, 48% used [0x00000000d5880000,0x00000000d58be8c8,0x00000000d5900000)
  to   space 512K, 0% used [0x00000000d5800000,0x00000000d5800000,0x00000000d5880000)
 ParOldGen       total 563200K, used 420733K [0x0000000080000000, 0x00000000a2600000, 0x00000000d5580000)
  object space 563200K, 74% used [0x0000000080000000,0x0000000099adf6c0,0x00000000a2600000)
 Metaspace       used 87818K, committed 89600K, reserved 1179648K
  class space    used 8999K, committed 9728K, reserved 1048576K
}
Event: 1121.538 GC heap before
{Heap before GC invocations=1327 (full 4):
 PSYoungGen      total 2560K, used 2298K [0x00000000d5580000, 0x00000000d5900000, 0x0000000100000000)
  eden space 2048K, 100% used [0x00000000d5580000,0x00000000d5780000,0x00000000d5780000)
  from space 512K, 48% used [0x00000000d5880000,0x00000000d58be8c8,0x00000000d5900000)
  to   space 512K, 0% used [0x00000000d5800000,0x00000000d5800000,0x00000000d5880000)
 ParOldGen       total 563200K, used 420733K [0x0000000080000000, 0x00000000a2600000, 0x00000000d5580000)
  object space 563200K, 74% used [0x0000000080000000,0x0000000099adf6c0,0x00000000a2600000)
 Metaspace       used 87837K, committed 89664K, reserved 1179648K
  class space    used 8999K, committed 9728K, reserved 1048576K
}
Event: 1122.019 GC heap after
{Heap after GC invocations=1327 (full 4):
 PSYoungGen      total 2560K, used 128K [0x00000000d5580000, 0x00000000d5900000, 0x0000000100000000)
  eden space 2048K, 0% used [0x00000000d5580000,0x00000000d5580000,0x00000000d5780000)
  from space 512K, 25% used [0x00000000d5800000,0x00000000d5820000,0x00000000d5880000)
  to   space 512K, 0% used [0x00000000d5880000,0x00000000d5880000,0x00000000d5900000)
 ParOldGen       total 563200K, used 420903K [0x0000000080000000, 0x00000000a2600000, 0x00000000d5580000)
  object space 563200K, 74% used [0x0000000080000000,0x0000000099b09f88,0x00000000a2600000)
 Metaspace       used 87837K, committed 89664K, reserved 1179648K
  class space    used 8999K, committed 9728K, reserved 1048576K
}

